[0.125s] DEBUG:colcon:Command line arguments: ['/usr/bin/colcon', 'build', '--base-paths', 'src', '--packages-select', 'eci']
[0.125s] DEBUG:colcon:Parsed command line arguments: Namespace(log_base=None, log_level=None, verb_name='build', build_base='build', install_base='install', merge_install=False, symlink_install=False, test_result_base=None, continue_on_error=False, executor='parallel', parallel_workers=128, event_handlers=None, ignore_user_meta=False, metas=['./colcon.meta'], base_paths=['src'], packages_ignore=None, packages_ignore_regex=None, paths=None, packages_up_to=None, packages_up_to_regex=None, packages_above=None, packages_above_and_dependencies=None, packages_above_depth=None, packages_select_by_dep=None, packages_skip_by_dep=None, packages_skip_up_to=None, packages_select_build_failed=False, packages_skip_build_finished=False, packages_select_test_failures=False, packages_skip_test_passed=False, packages_select=['eci'], packages_skip=None, packages_select_regex=None, packages_skip_regex=None, packages_start=None, packages_end=None, allow_overriding=[], cmake_args=None, cmake_target=None, cmake_target_skip_unavailable=False, cmake_clean_cache=False, cmake_clean_first=False, cmake_force_configure=False, ament_cmake_args=None, catkin_cmake_args=None, catkin_skip_building_tests=False, mixin_files=None, mixin=None, verb_parser=<colcon_mixin.mixin.mixin_argument.MixinArgumentDecorator object at 0x7f6e3ddbbf40>, verb_extension=<colcon_core.verb.build.BuildVerb object at 0x7f6e3ddbb2e0>, main=<bound method BuildVerb.main of <colcon_core.verb.build.BuildVerb object at 0x7f6e3ddbb2e0>>, mixin_verb=('build',))
[0.339s] Level 1:colcon.colcon_core.package_discovery:discover_packages(colcon_meta) check parameters
[0.339s] Level 1:colcon.colcon_core.package_discovery:discover_packages(recursive) check parameters
[0.339s] Level 1:colcon.colcon_core.package_discovery:discover_packages(ignore) check parameters
[0.339s] Level 1:colcon.colcon_core.package_discovery:discover_packages(path) check parameters
[0.339s] Level 1:colcon.colcon_core.package_discovery:discover_packages(recursive) discover
[0.339s] INFO:colcon.colcon_core.package_discovery:Crawling recursively for packages in '/root/enav/src'
[0.340s] Level 1:colcon.colcon_core.package_identification:_identify(src) by extensions ['ignore', 'ignore_ament_install']
[0.340s] Level 1:colcon.colcon_core.package_identification:_identify(src) by extension 'ignore'
[0.340s] Level 1:colcon.colcon_core.package_identification:_identify(src) by extension 'ignore_ament_install'
[0.340s] Level 1:colcon.colcon_core.package_identification:_identify(src) by extensions ['colcon_pkg']
[0.340s] Level 1:colcon.colcon_core.package_identification:_identify(src) by extension 'colcon_pkg'
[0.340s] Level 1:colcon.colcon_core.package_identification:_identify(src) by extensions ['colcon_meta']
[0.340s] Level 1:colcon.colcon_core.package_identification:_identify(src) by extension 'colcon_meta'
[0.340s] Level 1:colcon.colcon_core.package_identification:_identify(src) by extensions ['ros']
[0.340s] Level 1:colcon.colcon_core.package_identification:_identify(src) by extension 'ros'
[0.361s] Level 1:colcon.colcon_core.package_identification:_identify(src) by extensions ['cmake', 'python']
[0.361s] Level 1:colcon.colcon_core.package_identification:_identify(src) by extension 'cmake'
[0.361s] Level 1:colcon.colcon_core.package_identification:_identify(src) by extension 'python'
[0.361s] Level 1:colcon.colcon_core.package_identification:_identify(src) by extensions ['python_setup_py']
[0.361s] Level 1:colcon.colcon_core.package_identification:_identify(src) by extension 'python_setup_py'
[0.361s] Level 1:colcon.colcon_core.package_identification:_identify(src/eci) by extensions ['ignore', 'ignore_ament_install']
[0.361s] Level 1:colcon.colcon_core.package_identification:_identify(src/eci) by extension 'ignore'
[0.361s] Level 1:colcon.colcon_core.package_identification:_identify(src/eci) by extension 'ignore_ament_install'
[0.362s] Level 1:colcon.colcon_core.package_identification:_identify(src/eci) by extensions ['colcon_pkg']
[0.362s] Level 1:colcon.colcon_core.package_identification:_identify(src/eci) by extension 'colcon_pkg'
[0.362s] Level 1:colcon.colcon_core.package_identification:_identify(src/eci) by extensions ['colcon_meta']
[0.362s] Level 1:colcon.colcon_core.package_identification:_identify(src/eci) by extension 'colcon_meta'
[0.362s] Level 1:colcon.colcon_core.package_identification:_identify(src/eci) by extensions ['ros']
[0.362s] Level 1:colcon.colcon_core.package_identification:_identify(src/eci) by extension 'ros'
[0.364s] DEBUG:colcon.colcon_core.package_identification:Package 'src/eci' with type 'ros.ament_cmake' and name 'eci'
[0.364s] Level 1:colcon.colcon_core.package_identification:_identify(src/map2_navigation) by extensions ['ignore', 'ignore_ament_install']
[0.365s] Level 1:colcon.colcon_core.package_identification:_identify(src/map2_navigation) by extension 'ignore'
[0.365s] Level 1:colcon.colcon_core.package_identification:_identify(src/map2_navigation) by extension 'ignore_ament_install'
[0.365s] Level 1:colcon.colcon_core.package_identification:_identify(src/map2_navigation) by extensions ['colcon_pkg']
[0.365s] Level 1:colcon.colcon_core.package_identification:_identify(src/map2_navigation) by extension 'colcon_pkg'
[0.365s] Level 1:colcon.colcon_core.package_identification:_identify(src/map2_navigation) by extensions ['colcon_meta']
[0.365s] Level 1:colcon.colcon_core.package_identification:_identify(src/map2_navigation) by extension 'colcon_meta'
[0.365s] Level 1:colcon.colcon_core.package_identification:_identify(src/map2_navigation) by extensions ['ros']
[0.365s] Level 1:colcon.colcon_core.package_identification:_identify(src/map2_navigation) by extension 'ros'
[0.366s] DEBUG:colcon.colcon_core.package_identification:Package 'src/map2_navigation' with type 'ros.ament_cmake' and name 'map2_navigation'
[0.366s] Level 1:colcon.colcon_core.package_discovery:discover_packages(recursive) using defaults
[0.386s] INFO:colcon.colcon_core.package_selection:Skipping not selected package 'map2_navigation' in 'src/map2_navigation'
[0.386s] Level 1:colcon.colcon_core.package_discovery:discover_packages(prefix_path) check parameters
[0.387s] Level 1:colcon.colcon_core.package_discovery:discover_packages(prefix_path) discover
[0.390s] DEBUG:colcon.colcon_installed_package_information.package_discovery:Found 14 installed packages in /root/IsaacSim-ros_workspaces/humble_ws/install
[0.392s] DEBUG:colcon.colcon_installed_package_information.package_discovery:Found 405 installed packages in /opt/ros/humble
[0.394s] Level 1:colcon.colcon_core.package_discovery:discover_packages(prefix_path) using defaults
[0.465s] Level 5:colcon.colcon_core.verb:set package 'eci' build argument 'cmake_args' from command line to 'None'
[0.465s] Level 5:colcon.colcon_core.verb:set package 'eci' build argument 'cmake_target' from command line to 'None'
[0.465s] Level 5:colcon.colcon_core.verb:set package 'eci' build argument 'cmake_target_skip_unavailable' from command line to 'False'
[0.465s] Level 5:colcon.colcon_core.verb:set package 'eci' build argument 'cmake_clean_cache' from command line to 'False'
[0.465s] Level 5:colcon.colcon_core.verb:set package 'eci' build argument 'cmake_clean_first' from command line to 'False'
[0.465s] Level 5:colcon.colcon_core.verb:set package 'eci' build argument 'cmake_force_configure' from command line to 'False'
[0.465s] Level 5:colcon.colcon_core.verb:set package 'eci' build argument 'ament_cmake_args' from command line to 'None'
[0.465s] Level 5:colcon.colcon_core.verb:set package 'eci' build argument 'catkin_cmake_args' from command line to 'None'
[0.465s] Level 5:colcon.colcon_core.verb:set package 'eci' build argument 'catkin_skip_building_tests' from command line to 'False'
[0.465s] DEBUG:colcon.colcon_core.verb:Building package 'eci' with the following arguments: {'ament_cmake_args': None, 'build_base': '/root/enav/build/eci', 'catkin_cmake_args': None, 'catkin_skip_building_tests': False, 'cmake_args': None, 'cmake_clean_cache': False, 'cmake_clean_first': False, 'cmake_force_configure': False, 'cmake_target': None, 'cmake_target_skip_unavailable': False, 'install_base': '/root/enav/install/eci', 'merge_install': False, 'path': '/root/enav/src/eci', 'symlink_install': False, 'test_result_base': None}
[0.466s] INFO:colcon.colcon_core.executor:Executing jobs using 'parallel' executor
[0.467s] DEBUG:colcon.colcon_parallel_executor.executor.parallel:run_until_complete
[0.467s] INFO:colcon.colcon_ros.task.ament_cmake.build:Building ROS package in '/root/enav/src/eci' with build type 'ament_cmake'
[0.467s] INFO:colcon.colcon_cmake.task.cmake.build:Building CMake package in '/root/enav/src/eci'
[0.470s] INFO:colcon.colcon_core.plugin_system:Skipping extension 'colcon_core.shell.bat': Not used on non-Windows systems
[0.470s] INFO:colcon.colcon_core.shell:Skip shell extension 'powershell' for command environment: Not usable outside of PowerShell
[0.470s] DEBUG:colcon.colcon_core.shell:Skip shell extension 'dsv' for command environment
[0.483s] DEBUG:colcon.colcon_core.event_handler.log_command:Invoking command in '/root/enav/build/eci': CMAKE_PREFIX_PATH=${CMAKE_PREFIX_PATH}:/root/IsaacSim-ros_workspaces/humble_ws/install/isaac_ros_navigation_goal:/opt/ros/humble /usr/bin/cmake --build /root/enav/build/eci -- -j128 -l128
[0.764s] DEBUG:colcon.colcon_core.event_handler.log_command:Invoked command in '/root/enav/build/eci' returned '0': CMAKE_PREFIX_PATH=${CMAKE_PREFIX_PATH}:/root/IsaacSim-ros_workspaces/humble_ws/install/isaac_ros_navigation_goal:/opt/ros/humble /usr/bin/cmake --build /root/enav/build/eci -- -j128 -l128
[0.776s] DEBUG:colcon.colcon_core.event_handler.log_command:Invoking command in '/root/enav/build/eci': CMAKE_PREFIX_PATH=${CMAKE_PREFIX_PATH}:/root/IsaacSim-ros_workspaces/humble_ws/install/isaac_ros_navigation_goal:/opt/ros/humble /usr/bin/cmake --install /root/enav/build/eci
[0.789s] Level 1:colcon.colcon_core.environment:create_environment_scripts_only(eci)
[0.789s] DEBUG:colcon.colcon_core.event_handler.log_command:Invoked command in '/root/enav/build/eci' returned '0': CMAKE_PREFIX_PATH=${CMAKE_PREFIX_PATH}:/root/IsaacSim-ros_workspaces/humble_ws/install/isaac_ros_navigation_goal:/opt/ros/humble /usr/bin/cmake --install /root/enav/build/eci
[0.792s] Level 1:colcon.colcon_core.environment:checking '/root/enav/install/eci' for CMake module files
[0.793s] Level 1:colcon.colcon_core.environment:checking '/root/enav/install/eci' for CMake config files
[0.793s] Level 1:colcon.colcon_core.shell:create_environment_hook('eci', 'cmake_prefix_path')
[0.794s] INFO:colcon.colcon_core.shell:Creating environment hook '/root/enav/install/eci/share/eci/hook/cmake_prefix_path.ps1'
[0.794s] INFO:colcon.colcon_core.shell:Creating environment descriptor '/root/enav/install/eci/share/eci/hook/cmake_prefix_path.dsv'
[0.795s] INFO:colcon.colcon_core.shell:Creating environment hook '/root/enav/install/eci/share/eci/hook/cmake_prefix_path.sh'
[0.796s] Level 1:colcon.colcon_core.environment:checking '/root/enav/install/eci/lib'
[0.796s] Level 1:colcon.colcon_core.environment:checking '/root/enav/install/eci/bin'
[0.796s] Level 1:colcon.colcon_core.environment:checking '/root/enav/install/eci/lib/pkgconfig/eci.pc'
[0.796s] Level 1:colcon.colcon_core.environment:checking '/root/enav/install/eci/lib/python3.10/site-packages'
[0.797s] Level 1:colcon.colcon_core.environment:checking '/root/enav/install/eci/bin'
[0.797s] INFO:colcon.colcon_core.shell:Creating package script '/root/enav/install/eci/share/eci/package.ps1'
[0.798s] INFO:colcon.colcon_core.shell:Creating package descriptor '/root/enav/install/eci/share/eci/package.dsv'
[0.798s] INFO:colcon.colcon_core.shell:Creating package script '/root/enav/install/eci/share/eci/package.sh'
[0.799s] INFO:colcon.colcon_core.shell:Creating package script '/root/enav/install/eci/share/eci/package.bash'
[0.800s] INFO:colcon.colcon_core.shell:Creating package script '/root/enav/install/eci/share/eci/package.zsh'
[0.801s] Level 1:colcon.colcon_core.environment:create_file_with_runtime_dependencies(/root/enav/install/eci/share/colcon-core/packages/eci)
[0.801s] Level 1:colcon.colcon_core.environment:create_environment_scripts_only(eci)
[0.802s] Level 1:colcon.colcon_core.environment:checking '/root/enav/install/eci' for CMake module files
[0.802s] Level 1:colcon.colcon_core.environment:checking '/root/enav/install/eci' for CMake config files
[0.802s] Level 1:colcon.colcon_core.shell:create_environment_hook('eci', 'cmake_prefix_path')
[0.803s] INFO:colcon.colcon_core.shell:Creating environment hook '/root/enav/install/eci/share/eci/hook/cmake_prefix_path.ps1'
[0.803s] INFO:colcon.colcon_core.shell:Creating environment descriptor '/root/enav/install/eci/share/eci/hook/cmake_prefix_path.dsv'
[0.803s] INFO:colcon.colcon_core.shell:Creating environment hook '/root/enav/install/eci/share/eci/hook/cmake_prefix_path.sh'
[0.804s] Level 1:colcon.colcon_core.environment:checking '/root/enav/install/eci/lib'
[0.804s] Level 1:colcon.colcon_core.environment:checking '/root/enav/install/eci/bin'
[0.804s] Level 1:colcon.colcon_core.environment:checking '/root/enav/install/eci/lib/pkgconfig/eci.pc'
[0.804s] Level 1:colcon.colcon_core.environment:checking '/root/enav/install/eci/lib/python3.10/site-packages'
[0.805s] Level 1:colcon.colcon_core.environment:checking '/root/enav/install/eci/bin'
[0.805s] INFO:colcon.colcon_core.shell:Creating package script '/root/enav/install/eci/share/eci/package.ps1'
[0.806s] INFO:colcon.colcon_core.shell:Creating package descriptor '/root/enav/install/eci/share/eci/package.dsv'
[0.806s] INFO:colcon.colcon_core.shell:Creating package script '/root/enav/install/eci/share/eci/package.sh'
[0.807s] INFO:colcon.colcon_core.shell:Creating package script '/root/enav/install/eci/share/eci/package.bash'
[0.807s] INFO:colcon.colcon_core.shell:Creating package script '/root/enav/install/eci/share/eci/package.zsh'
[0.808s] Level 1:colcon.colcon_core.environment:create_file_with_runtime_dependencies(/root/enav/install/eci/share/colcon-core/packages/eci)
[0.808s] DEBUG:colcon.colcon_parallel_executor.executor.parallel:closing loop
[0.808s] DEBUG:colcon.colcon_parallel_executor.executor.parallel:loop closed
[0.808s] DEBUG:colcon.colcon_parallel_executor.executor.parallel:run_until_complete finished with '0'
[0.809s] DEBUG:colcon.colcon_core.event_reactor:joining thread
[0.815s] INFO:colcon.colcon_core.plugin_system:Skipping extension 'colcon_notification.desktop_notification.terminal_notifier': Not used on non-Darwin systems
[0.815s] INFO:colcon.colcon_core.plugin_system:Skipping extension 'colcon_notification.desktop_notification.win32': Not used on non-Windows systems
[0.815s] INFO:colcon.colcon_notification.desktop_notification:Sending desktop notification using 'notify2'
[0.826s] DEBUG:colcon.colcon_core.event_reactor:joined thread
[0.827s] INFO:colcon.colcon_core.shell:Creating prefix script '/root/enav/install/local_setup.ps1'
[0.828s] INFO:colcon.colcon_core.shell:Creating prefix util module '/root/enav/install/_local_setup_util_ps1.py'
[0.829s] INFO:colcon.colcon_core.shell:Creating prefix chain script '/root/enav/install/setup.ps1'
[0.832s] INFO:colcon.colcon_core.shell:Creating prefix script '/root/enav/install/local_setup.sh'
[0.833s] INFO:colcon.colcon_core.shell:Creating prefix util module '/root/enav/install/_local_setup_util_sh.py'
[0.833s] INFO:colcon.colcon_core.shell:Creating prefix chain script '/root/enav/install/setup.sh'
[0.835s] INFO:colcon.colcon_core.shell:Creating prefix script '/root/enav/install/local_setup.bash'
[0.836s] INFO:colcon.colcon_core.shell:Creating prefix chain script '/root/enav/install/setup.bash'
[0.838s] INFO:colcon.colcon_core.shell:Creating prefix script '/root/enav/install/local_setup.zsh'
[0.838s] INFO:colcon.colcon_core.shell:Creating prefix chain script '/root/enav/install/setup.zsh'
