[0.129s] DEBUG:colcon:Command line arguments: ['/usr/bin/colcon', 'build']
[0.129s] DEBUG:colcon:Parsed command line arguments: Namespace(log_base=None, log_level=None, verb_name='build', build_base='build', install_base='install', merge_install=False, symlink_install=False, test_result_base=None, continue_on_error=False, executor='parallel', parallel_workers=128, event_handlers=None, ignore_user_meta=False, metas=['./colcon.meta'], base_paths=['.'], packages_ignore=None, packages_ignore_regex=None, paths=None, packages_up_to=None, packages_up_to_regex=None, packages_above=None, packages_above_and_dependencies=None, packages_above_depth=None, packages_select_by_dep=None, packages_skip_by_dep=None, packages_skip_up_to=None, packages_select_build_failed=False, packages_skip_build_finished=False, packages_select_test_failures=False, packages_skip_test_passed=False, packages_select=None, packages_skip=None, packages_select_regex=None, packages_skip_regex=None, packages_start=None, packages_end=None, allow_overriding=[], cmake_args=None, cmake_target=None, cmake_target_skip_unavailable=False, cmake_clean_cache=False, cmake_clean_first=False, cmake_force_configure=False, ament_cmake_args=None, catkin_cmake_args=None, catkin_skip_building_tests=False, mixin_files=None, mixin=None, verb_parser=<colcon_mixin.mixin.mixin_argument.MixinArgumentDecorator object at 0x7fea9b297df0>, verb_extension=<colcon_core.verb.build.BuildVerb object at 0x7fea9b297190>, main=<bound method BuildVerb.main of <colcon_core.verb.build.BuildVerb object at 0x7fea9b297190>>, mixin_verb=('build',))
[0.340s] Level 1:colcon.colcon_core.package_discovery:discover_packages(colcon_meta) check parameters
[0.340s] Level 1:colcon.colcon_core.package_discovery:discover_packages(recursive) check parameters
[0.340s] Level 1:colcon.colcon_core.package_discovery:discover_packages(ignore) check parameters
[0.340s] Level 1:colcon.colcon_core.package_discovery:discover_packages(path) check parameters
[0.340s] Level 1:colcon.colcon_core.package_discovery:discover_packages(colcon_meta) discover
[0.340s] Level 1:colcon.colcon_core.package_discovery:discover_packages(recursive) discover
[0.340s] INFO:colcon.colcon_core.package_discovery:Crawling recursively for packages in '/root/enav'
[0.340s] Level 1:colcon.colcon_core.package_identification:_identify(.) by extensions ['ignore', 'ignore_ament_install']
[0.341s] Level 1:colcon.colcon_core.package_identification:_identify(.) by extension 'ignore'
[0.341s] Level 1:colcon.colcon_core.package_identification:_identify(.) by extension 'ignore_ament_install'
[0.341s] Level 1:colcon.colcon_core.package_identification:_identify(.) by extensions ['colcon_pkg']
[0.341s] Level 1:colcon.colcon_core.package_identification:_identify(.) by extension 'colcon_pkg'
[0.341s] Level 1:colcon.colcon_core.package_identification:_identify(.) by extensions ['colcon_meta']
[0.341s] Level 1:colcon.colcon_core.package_identification:_identify(.) by extension 'colcon_meta'
[0.341s] Level 1:colcon.colcon_core.package_identification:_identify(.) by extensions ['ros']
[0.341s] Level 1:colcon.colcon_core.package_identification:_identify(.) by extension 'ros'
[0.362s] Level 1:colcon.colcon_core.package_identification:_identify(.) by extensions ['cmake', 'python']
[0.362s] Level 1:colcon.colcon_core.package_identification:_identify(.) by extension 'cmake'
[0.362s] Level 1:colcon.colcon_core.package_identification:_identify(.) by extension 'python'
[0.362s] Level 1:colcon.colcon_core.package_identification:_identify(.) by extensions ['python_setup_py']
[0.362s] Level 1:colcon.colcon_core.package_identification:_identify(.) by extension 'python_setup_py'
[0.362s] Level 1:colcon.colcon_core.package_identification:_identify(build) by extensions ['ignore', 'ignore_ament_install']
[0.362s] Level 1:colcon.colcon_core.package_identification:_identify(build) by extension 'ignore'
[0.362s] Level 1:colcon.colcon_core.package_identification:_identify(build) ignored
[0.363s] Level 1:colcon.colcon_core.package_identification:_identify(car) by extensions ['ignore', 'ignore_ament_install']
[0.363s] Level 1:colcon.colcon_core.package_identification:_identify(car) by extension 'ignore'
[0.363s] Level 1:colcon.colcon_core.package_identification:_identify(car) by extension 'ignore_ament_install'
[0.363s] Level 1:colcon.colcon_core.package_identification:_identify(car) by extensions ['colcon_pkg']
[0.363s] Level 1:colcon.colcon_core.package_identification:_identify(car) by extension 'colcon_pkg'
[0.363s] Level 1:colcon.colcon_core.package_identification:_identify(car) by extensions ['colcon_meta']
[0.363s] Level 1:colcon.colcon_core.package_identification:_identify(car) by extension 'colcon_meta'
[0.363s] Level 1:colcon.colcon_core.package_identification:_identify(car) by extensions ['ros']
[0.363s] Level 1:colcon.colcon_core.package_identification:_identify(car) by extension 'ros'
[0.363s] Level 1:colcon.colcon_core.package_identification:_identify(car) by extensions ['cmake', 'python']
[0.363s] Level 1:colcon.colcon_core.package_identification:_identify(car) by extension 'cmake'
[0.363s] Level 1:colcon.colcon_core.package_identification:_identify(car) by extension 'python'
[0.363s] Level 1:colcon.colcon_core.package_identification:_identify(car) by extensions ['python_setup_py']
[0.363s] Level 1:colcon.colcon_core.package_identification:_identify(car) by extension 'python_setup_py'
[0.363s] Level 1:colcon.colcon_core.package_identification:_identify(environment) by extensions ['ignore', 'ignore_ament_install']
[0.363s] Level 1:colcon.colcon_core.package_identification:_identify(environment) by extension 'ignore'
[0.363s] Level 1:colcon.colcon_core.package_identification:_identify(environment) by extension 'ignore_ament_install'
[0.363s] Level 1:colcon.colcon_core.package_identification:_identify(environment) by extensions ['colcon_pkg']
[0.364s] Level 1:colcon.colcon_core.package_identification:_identify(environment) by extension 'colcon_pkg'
[0.364s] Level 1:colcon.colcon_core.package_identification:_identify(environment) by extensions ['colcon_meta']
[0.364s] Level 1:colcon.colcon_core.package_identification:_identify(environment) by extension 'colcon_meta'
[0.364s] Level 1:colcon.colcon_core.package_identification:_identify(environment) by extensions ['ros']
[0.364s] Level 1:colcon.colcon_core.package_identification:_identify(environment) by extension 'ros'
[0.364s] Level 1:colcon.colcon_core.package_identification:_identify(environment) by extensions ['cmake', 'python']
[0.364s] Level 1:colcon.colcon_core.package_identification:_identify(environment) by extension 'cmake'
[0.364s] Level 1:colcon.colcon_core.package_identification:_identify(environment) by extension 'python'
[0.364s] Level 1:colcon.colcon_core.package_identification:_identify(environment) by extensions ['python_setup_py']
[0.364s] Level 1:colcon.colcon_core.package_identification:_identify(environment) by extension 'python_setup_py'
[0.364s] Level 1:colcon.colcon_core.package_identification:_identify(environment/__pycache__) by extensions ['ignore', 'ignore_ament_install']
[0.364s] Level 1:colcon.colcon_core.package_identification:_identify(environment/__pycache__) by extension 'ignore'
[0.364s] Level 1:colcon.colcon_core.package_identification:_identify(environment/__pycache__) by extension 'ignore_ament_install'
[0.364s] Level 1:colcon.colcon_core.package_identification:_identify(environment/__pycache__) by extensions ['colcon_pkg']
[0.364s] Level 1:colcon.colcon_core.package_identification:_identify(environment/__pycache__) by extension 'colcon_pkg'
[0.364s] Level 1:colcon.colcon_core.package_identification:_identify(environment/__pycache__) by extensions ['colcon_meta']
[0.364s] Level 1:colcon.colcon_core.package_identification:_identify(environment/__pycache__) by extension 'colcon_meta'
[0.364s] Level 1:colcon.colcon_core.package_identification:_identify(environment/__pycache__) by extensions ['ros']
[0.364s] Level 1:colcon.colcon_core.package_identification:_identify(environment/__pycache__) by extension 'ros'
[0.365s] Level 1:colcon.colcon_core.package_identification:_identify(environment/__pycache__) by extensions ['cmake', 'python']
[0.365s] Level 1:colcon.colcon_core.package_identification:_identify(environment/__pycache__) by extension 'cmake'
[0.365s] Level 1:colcon.colcon_core.package_identification:_identify(environment/__pycache__) by extension 'python'
[0.365s] Level 1:colcon.colcon_core.package_identification:_identify(environment/__pycache__) by extensions ['python_setup_py']
[0.365s] Level 1:colcon.colcon_core.package_identification:_identify(environment/__pycache__) by extension 'python_setup_py'
[0.365s] Level 1:colcon.colcon_core.package_identification:_identify(install) by extensions ['ignore', 'ignore_ament_install']
[0.365s] Level 1:colcon.colcon_core.package_identification:_identify(install) by extension 'ignore'
[0.365s] Level 1:colcon.colcon_core.package_identification:_identify(install) ignored
[0.365s] Level 1:colcon.colcon_core.package_identification:_identify(log) by extensions ['ignore', 'ignore_ament_install']
[0.365s] Level 1:colcon.colcon_core.package_identification:_identify(log) by extension 'ignore'
[0.365s] Level 1:colcon.colcon_core.package_identification:_identify(log) ignored
[0.366s] Level 1:colcon.colcon_core.package_identification:_identify(src) by extensions ['ignore', 'ignore_ament_install']
[0.366s] Level 1:colcon.colcon_core.package_identification:_identify(src) by extension 'ignore'
[0.366s] Level 1:colcon.colcon_core.package_identification:_identify(src) by extension 'ignore_ament_install'
[0.366s] Level 1:colcon.colcon_core.package_identification:_identify(src) by extensions ['colcon_pkg']
[0.366s] Level 1:colcon.colcon_core.package_identification:_identify(src) by extension 'colcon_pkg'
[0.366s] Level 1:colcon.colcon_core.package_identification:_identify(src) by extensions ['colcon_meta']
[0.366s] Level 1:colcon.colcon_core.package_identification:_identify(src) by extension 'colcon_meta'
[0.366s] Level 1:colcon.colcon_core.package_identification:_identify(src) by extensions ['ros']
[0.366s] Level 1:colcon.colcon_core.package_identification:_identify(src) by extension 'ros'
[0.366s] Level 1:colcon.colcon_core.package_identification:_identify(src) by extensions ['cmake', 'python']
[0.366s] Level 1:colcon.colcon_core.package_identification:_identify(src) by extension 'cmake'
[0.366s] Level 1:colcon.colcon_core.package_identification:_identify(src) by extension 'python'
[0.366s] Level 1:colcon.colcon_core.package_identification:_identify(src) by extensions ['python_setup_py']
[0.366s] Level 1:colcon.colcon_core.package_identification:_identify(src) by extension 'python_setup_py'
[0.366s] Level 1:colcon.colcon_core.package_identification:_identify(src/eci) by extensions ['ignore', 'ignore_ament_install']
[0.366s] Level 1:colcon.colcon_core.package_identification:_identify(src/eci) by extension 'ignore'
[0.366s] Level 1:colcon.colcon_core.package_identification:_identify(src/eci) by extension 'ignore_ament_install'
[0.366s] Level 1:colcon.colcon_core.package_identification:_identify(src/eci) by extensions ['colcon_pkg']
[0.366s] Level 1:colcon.colcon_core.package_identification:_identify(src/eci) by extension 'colcon_pkg'
[0.367s] Level 1:colcon.colcon_core.package_identification:_identify(src/eci) by extensions ['colcon_meta']
[0.367s] Level 1:colcon.colcon_core.package_identification:_identify(src/eci) by extension 'colcon_meta'
[0.367s] Level 1:colcon.colcon_core.package_identification:_identify(src/eci) by extensions ['ros']
[0.367s] Level 1:colcon.colcon_core.package_identification:_identify(src/eci) by extension 'ros'
[0.369s] DEBUG:colcon.colcon_core.package_identification:Package 'src/eci' with type 'ros.ament_cmake' and name 'eci'
[0.370s] Level 1:colcon.colcon_core.package_identification:_identify(src/map2_navigation) by extensions ['ignore', 'ignore_ament_install']
[0.370s] Level 1:colcon.colcon_core.package_identification:_identify(src/map2_navigation) by extension 'ignore'
[0.370s] Level 1:colcon.colcon_core.package_identification:_identify(src/map2_navigation) by extension 'ignore_ament_install'
[0.370s] Level 1:colcon.colcon_core.package_identification:_identify(src/map2_navigation) by extensions ['colcon_pkg']
[0.370s] Level 1:colcon.colcon_core.package_identification:_identify(src/map2_navigation) by extension 'colcon_pkg'
[0.370s] Level 1:colcon.colcon_core.package_identification:_identify(src/map2_navigation) by extensions ['colcon_meta']
[0.370s] Level 1:colcon.colcon_core.package_identification:_identify(src/map2_navigation) by extension 'colcon_meta'
[0.370s] Level 1:colcon.colcon_core.package_identification:_identify(src/map2_navigation) by extensions ['ros']
[0.370s] Level 1:colcon.colcon_core.package_identification:_identify(src/map2_navigation) by extension 'ros'
[0.371s] DEBUG:colcon.colcon_core.package_identification:Package 'src/map2_navigation' with type 'ros.ament_cmake' and name 'map2_navigation'
[0.371s] Level 1:colcon.colcon_core.package_discovery:discover_packages(recursive) using defaults
[0.371s] Level 1:colcon.colcon_core.package_discovery:discover_packages(ignore) discover
[0.371s] Level 1:colcon.colcon_core.package_discovery:discover_packages(ignore) using defaults
[0.371s] Level 1:colcon.colcon_core.package_discovery:discover_packages(path) discover
[0.371s] Level 1:colcon.colcon_core.package_discovery:discover_packages(path) using defaults
[0.392s] Level 1:colcon.colcon_core.package_discovery:discover_packages(prefix_path) check parameters
[0.392s] Level 1:colcon.colcon_core.package_discovery:discover_packages(prefix_path) discover
[0.395s] DEBUG:colcon.colcon_installed_package_information.package_discovery:Found 2 installed packages in /root/enav/install
[0.396s] DEBUG:colcon.colcon_installed_package_information.package_discovery:Found 14 installed packages in /root/IsaacSim-ros_workspaces/humble_ws/install
[0.397s] DEBUG:colcon.colcon_installed_package_information.package_discovery:Found 405 installed packages in /opt/ros/humble
[0.400s] Level 1:colcon.colcon_core.package_discovery:discover_packages(prefix_path) using defaults
[0.464s] Level 5:colcon.colcon_core.verb:set package 'eci' build argument 'cmake_args' from command line to 'None'
[0.464s] Level 5:colcon.colcon_core.verb:set package 'eci' build argument 'cmake_target' from command line to 'None'
[0.464s] Level 5:colcon.colcon_core.verb:set package 'eci' build argument 'cmake_target_skip_unavailable' from command line to 'False'
[0.464s] Level 5:colcon.colcon_core.verb:set package 'eci' build argument 'cmake_clean_cache' from command line to 'False'
[0.464s] Level 5:colcon.colcon_core.verb:set package 'eci' build argument 'cmake_clean_first' from command line to 'False'
[0.464s] Level 5:colcon.colcon_core.verb:set package 'eci' build argument 'cmake_force_configure' from command line to 'False'
[0.464s] Level 5:colcon.colcon_core.verb:set package 'eci' build argument 'ament_cmake_args' from command line to 'None'
[0.464s] Level 5:colcon.colcon_core.verb:set package 'eci' build argument 'catkin_cmake_args' from command line to 'None'
[0.464s] Level 5:colcon.colcon_core.verb:set package 'eci' build argument 'catkin_skip_building_tests' from command line to 'False'
[0.464s] DEBUG:colcon.colcon_core.verb:Building package 'eci' with the following arguments: {'ament_cmake_args': None, 'build_base': '/root/enav/build/eci', 'catkin_cmake_args': None, 'catkin_skip_building_tests': False, 'cmake_args': None, 'cmake_clean_cache': False, 'cmake_clean_first': False, 'cmake_force_configure': False, 'cmake_target': None, 'cmake_target_skip_unavailable': False, 'install_base': '/root/enav/install/eci', 'merge_install': False, 'path': '/root/enav/src/eci', 'symlink_install': False, 'test_result_base': None}
[0.465s] Level 5:colcon.colcon_core.verb:set package 'map2_navigation' build argument 'cmake_args' from command line to 'None'
[0.465s] Level 5:colcon.colcon_core.verb:set package 'map2_navigation' build argument 'cmake_target' from command line to 'None'
[0.465s] Level 5:colcon.colcon_core.verb:set package 'map2_navigation' build argument 'cmake_target_skip_unavailable' from command line to 'False'
[0.465s] Level 5:colcon.colcon_core.verb:set package 'map2_navigation' build argument 'cmake_clean_cache' from command line to 'False'
[0.465s] Level 5:colcon.colcon_core.verb:set package 'map2_navigation' build argument 'cmake_clean_first' from command line to 'False'
[0.465s] Level 5:colcon.colcon_core.verb:set package 'map2_navigation' build argument 'cmake_force_configure' from command line to 'False'
[0.465s] Level 5:colcon.colcon_core.verb:set package 'map2_navigation' build argument 'ament_cmake_args' from command line to 'None'
[0.465s] Level 5:colcon.colcon_core.verb:set package 'map2_navigation' build argument 'catkin_cmake_args' from command line to 'None'
[0.465s] Level 5:colcon.colcon_core.verb:set package 'map2_navigation' build argument 'catkin_skip_building_tests' from command line to 'False'
[0.465s] DEBUG:colcon.colcon_core.verb:Building package 'map2_navigation' with the following arguments: {'ament_cmake_args': None, 'build_base': '/root/enav/build/map2_navigation', 'catkin_cmake_args': None, 'catkin_skip_building_tests': False, 'cmake_args': None, 'cmake_clean_cache': False, 'cmake_clean_first': False, 'cmake_force_configure': False, 'cmake_target': None, 'cmake_target_skip_unavailable': False, 'install_base': '/root/enav/install/map2_navigation', 'merge_install': False, 'path': '/root/enav/src/map2_navigation', 'symlink_install': False, 'test_result_base': None}
[0.465s] INFO:colcon.colcon_core.executor:Executing jobs using 'parallel' executor
[0.466s] DEBUG:colcon.colcon_parallel_executor.executor.parallel:run_until_complete
[0.466s] INFO:colcon.colcon_ros.task.ament_cmake.build:Building ROS package in '/root/enav/src/eci' with build type 'ament_cmake'
[0.467s] INFO:colcon.colcon_cmake.task.cmake.build:Building CMake package in '/root/enav/src/eci'
[0.469s] INFO:colcon.colcon_core.plugin_system:Skipping extension 'colcon_core.shell.bat': Not used on non-Windows systems
[0.469s] INFO:colcon.colcon_core.shell:Skip shell extension 'powershell' for command environment: Not usable outside of PowerShell
[0.469s] DEBUG:colcon.colcon_core.shell:Skip shell extension 'dsv' for command environment
[0.475s] INFO:colcon.colcon_ros.task.ament_cmake.build:Building ROS package in '/root/enav/src/map2_navigation' with build type 'ament_cmake'
[0.475s] INFO:colcon.colcon_cmake.task.cmake.build:Building CMake package in '/root/enav/src/map2_navigation'
[0.475s] INFO:colcon.colcon_core.shell:Skip shell extension 'powershell' for command environment: Not usable outside of PowerShell
[0.475s] DEBUG:colcon.colcon_core.shell:Skip shell extension 'dsv' for command environment
[0.486s] DEBUG:colcon.colcon_core.event_handler.log_command:Invoking command in '/root/enav/build/eci': CMAKE_PREFIX_PATH=${CMAKE_PREFIX_PATH}:/root/IsaacSim-ros_workspaces/humble_ws/install/isaac_ros_navigation_goal:/opt/ros/humble /usr/bin/cmake --build /root/enav/build/eci -- -j128 -l128
[0.490s] DEBUG:colcon.colcon_core.event_handler.log_command:Invoking command in '/root/enav/build/map2_navigation': CMAKE_PREFIX_PATH=${CMAKE_PREFIX_PATH}:/root/IsaacSim-ros_workspaces/humble_ws/install/isaac_ros_navigation_goal:/opt/ros/humble /usr/bin/cmake --build /root/enav/build/map2_navigation -- -j128 -l128
[0.527s] DEBUG:colcon.colcon_core.event_handler.log_command:Invoked command in '/root/enav/build/eci' returned '0': CMAKE_PREFIX_PATH=${CMAKE_PREFIX_PATH}:/root/IsaacSim-ros_workspaces/humble_ws/install/isaac_ros_navigation_goal:/opt/ros/humble /usr/bin/cmake --build /root/enav/build/eci -- -j128 -l128
[0.538s] DEBUG:colcon.colcon_core.event_handler.log_command:Invoking command in '/root/enav/build/eci': CMAKE_PREFIX_PATH=${CMAKE_PREFIX_PATH}:/root/IsaacSim-ros_workspaces/humble_ws/install/isaac_ros_navigation_goal:/opt/ros/humble /usr/bin/cmake --install /root/enav/build/eci
[0.539s] DEBUG:colcon.colcon_core.event_handler.log_command:Invoked command in '/root/enav/build/map2_navigation' returned '0': CMAKE_PREFIX_PATH=${CMAKE_PREFIX_PATH}:/root/IsaacSim-ros_workspaces/humble_ws/install/isaac_ros_navigation_goal:/opt/ros/humble /usr/bin/cmake --build /root/enav/build/map2_navigation -- -j128 -l128
[0.541s] DEBUG:colcon.colcon_core.event_handler.log_command:Invoking command in '/root/enav/build/map2_navigation': CMAKE_PREFIX_PATH=${CMAKE_PREFIX_PATH}:/root/IsaacSim-ros_workspaces/humble_ws/install/isaac_ros_navigation_goal:/opt/ros/humble /usr/bin/cmake --install /root/enav/build/map2_navigation
[0.549s] Level 1:colcon.colcon_core.environment:create_environment_scripts_only(eci)
[0.550s] DEBUG:colcon.colcon_core.event_handler.log_command:Invoked command in '/root/enav/build/eci' returned '0': CMAKE_PREFIX_PATH=${CMAKE_PREFIX_PATH}:/root/IsaacSim-ros_workspaces/humble_ws/install/isaac_ros_navigation_goal:/opt/ros/humble /usr/bin/cmake --install /root/enav/build/eci
[0.553s] Level 1:colcon.colcon_core.environment:checking '/root/enav/install/eci' for CMake module files
[0.554s] Level 1:colcon.colcon_core.environment:checking '/root/enav/install/eci' for CMake config files
[0.555s] Level 1:colcon.colcon_core.shell:create_environment_hook('eci', 'cmake_prefix_path')
[0.555s] INFO:colcon.colcon_core.shell:Creating environment hook '/root/enav/install/eci/share/eci/hook/cmake_prefix_path.ps1'
[0.556s] INFO:colcon.colcon_core.shell:Creating environment descriptor '/root/enav/install/eci/share/eci/hook/cmake_prefix_path.dsv'
[0.556s] INFO:colcon.colcon_core.shell:Creating environment hook '/root/enav/install/eci/share/eci/hook/cmake_prefix_path.sh'
[0.557s] Level 1:colcon.colcon_core.environment:checking '/root/enav/install/eci/lib'
[0.557s] Level 1:colcon.colcon_core.environment:checking '/root/enav/install/eci/bin'
[0.557s] Level 1:colcon.colcon_core.environment:checking '/root/enav/install/eci/lib/pkgconfig/eci.pc'
[0.558s] Level 1:colcon.colcon_core.environment:checking '/root/enav/install/eci/lib/python3.10/site-packages'
[0.558s] Level 1:colcon.colcon_core.environment:checking '/root/enav/install/eci/bin'
[0.558s] INFO:colcon.colcon_core.shell:Creating package script '/root/enav/install/eci/share/eci/package.ps1'
[0.559s] INFO:colcon.colcon_core.shell:Creating package descriptor '/root/enav/install/eci/share/eci/package.dsv'
[0.560s] INFO:colcon.colcon_core.shell:Creating package script '/root/enav/install/eci/share/eci/package.sh'
[0.561s] INFO:colcon.colcon_core.shell:Creating package script '/root/enav/install/eci/share/eci/package.bash'
[0.561s] INFO:colcon.colcon_core.shell:Creating package script '/root/enav/install/eci/share/eci/package.zsh'
[0.562s] Level 1:colcon.colcon_core.environment:create_file_with_runtime_dependencies(/root/enav/install/eci/share/colcon-core/packages/eci)
[0.563s] Level 1:colcon.colcon_core.environment:create_environment_scripts_only(eci)
[0.563s] Level 1:colcon.colcon_core.environment:checking '/root/enav/install/eci' for CMake module files
[0.564s] Level 1:colcon.colcon_core.environment:checking '/root/enav/install/eci' for CMake config files
[0.564s] Level 1:colcon.colcon_core.shell:create_environment_hook('eci', 'cmake_prefix_path')
[0.564s] INFO:colcon.colcon_core.shell:Creating environment hook '/root/enav/install/eci/share/eci/hook/cmake_prefix_path.ps1'
[0.565s] INFO:colcon.colcon_core.shell:Creating environment descriptor '/root/enav/install/eci/share/eci/hook/cmake_prefix_path.dsv'
[0.565s] INFO:colcon.colcon_core.shell:Creating environment hook '/root/enav/install/eci/share/eci/hook/cmake_prefix_path.sh'
[0.566s] Level 1:colcon.colcon_core.environment:checking '/root/enav/install/eci/lib'
[0.566s] Level 1:colcon.colcon_core.environment:checking '/root/enav/install/eci/bin'
[0.566s] Level 1:colcon.colcon_core.environment:checking '/root/enav/install/eci/lib/pkgconfig/eci.pc'
[0.566s] Level 1:colcon.colcon_core.environment:checking '/root/enav/install/eci/lib/python3.10/site-packages'
[0.566s] Level 1:colcon.colcon_core.environment:checking '/root/enav/install/eci/bin'
[0.567s] INFO:colcon.colcon_core.shell:Creating package script '/root/enav/install/eci/share/eci/package.ps1'
[0.567s] INFO:colcon.colcon_core.shell:Creating package descriptor '/root/enav/install/eci/share/eci/package.dsv'
[0.568s] INFO:colcon.colcon_core.shell:Creating package script '/root/enav/install/eci/share/eci/package.sh'
[0.568s] INFO:colcon.colcon_core.shell:Creating package script '/root/enav/install/eci/share/eci/package.bash'
[0.569s] INFO:colcon.colcon_core.shell:Creating package script '/root/enav/install/eci/share/eci/package.zsh'
[0.569s] Level 1:colcon.colcon_core.environment:create_file_with_runtime_dependencies(/root/enav/install/eci/share/colcon-core/packages/eci)
[0.570s] Level 1:colcon.colcon_core.environment:create_environment_scripts_only(map2_navigation)
[0.570s] Level 1:colcon.colcon_core.environment:checking '/root/enav/install/map2_navigation' for CMake module files
[0.571s] Level 1:colcon.colcon_core.environment:checking '/root/enav/install/map2_navigation' for CMake config files
[0.572s] DEBUG:colcon.colcon_core.event_handler.log_command:Invoked command in '/root/enav/build/map2_navigation' returned '0': CMAKE_PREFIX_PATH=${CMAKE_PREFIX_PATH}:/root/IsaacSim-ros_workspaces/humble_ws/install/isaac_ros_navigation_goal:/opt/ros/humble /usr/bin/cmake --install /root/enav/build/map2_navigation
[0.572s] Level 1:colcon.colcon_core.shell:create_environment_hook('map2_navigation', 'cmake_prefix_path')
[0.572s] INFO:colcon.colcon_core.shell:Creating environment hook '/root/enav/install/map2_navigation/share/map2_navigation/hook/cmake_prefix_path.ps1'
[0.573s] INFO:colcon.colcon_core.shell:Creating environment descriptor '/root/enav/install/map2_navigation/share/map2_navigation/hook/cmake_prefix_path.dsv'
[0.573s] INFO:colcon.colcon_core.shell:Creating environment hook '/root/enav/install/map2_navigation/share/map2_navigation/hook/cmake_prefix_path.sh'
[0.574s] Level 1:colcon.colcon_core.environment:checking '/root/enav/install/map2_navigation/lib'
[0.574s] Level 1:colcon.colcon_core.environment:checking '/root/enav/install/map2_navigation/bin'
[0.574s] Level 1:colcon.colcon_core.environment:checking '/root/enav/install/map2_navigation/lib/pkgconfig/map2_navigation.pc'
[0.574s] Level 1:colcon.colcon_core.environment:checking '/root/enav/install/map2_navigation/lib/python3.10/site-packages'
[0.574s] Level 1:colcon.colcon_core.environment:checking '/root/enav/install/map2_navigation/bin'
[0.575s] INFO:colcon.colcon_core.shell:Creating package script '/root/enav/install/map2_navigation/share/map2_navigation/package.ps1'
[0.575s] INFO:colcon.colcon_core.shell:Creating package descriptor '/root/enav/install/map2_navigation/share/map2_navigation/package.dsv'
[0.576s] INFO:colcon.colcon_core.shell:Creating package script '/root/enav/install/map2_navigation/share/map2_navigation/package.sh'
[0.576s] INFO:colcon.colcon_core.shell:Creating package script '/root/enav/install/map2_navigation/share/map2_navigation/package.bash'
[0.577s] INFO:colcon.colcon_core.shell:Creating package script '/root/enav/install/map2_navigation/share/map2_navigation/package.zsh'
[0.578s] Level 1:colcon.colcon_core.environment:create_file_with_runtime_dependencies(/root/enav/install/map2_navigation/share/colcon-core/packages/map2_navigation)
[0.578s] Level 1:colcon.colcon_core.environment:create_environment_scripts_only(map2_navigation)
[0.579s] Level 1:colcon.colcon_core.environment:checking '/root/enav/install/map2_navigation' for CMake module files
[0.579s] Level 1:colcon.colcon_core.environment:checking '/root/enav/install/map2_navigation' for CMake config files
[0.579s] Level 1:colcon.colcon_core.shell:create_environment_hook('map2_navigation', 'cmake_prefix_path')
[0.579s] INFO:colcon.colcon_core.shell:Creating environment hook '/root/enav/install/map2_navigation/share/map2_navigation/hook/cmake_prefix_path.ps1'
[0.580s] INFO:colcon.colcon_core.shell:Creating environment descriptor '/root/enav/install/map2_navigation/share/map2_navigation/hook/cmake_prefix_path.dsv'
[0.580s] INFO:colcon.colcon_core.shell:Creating environment hook '/root/enav/install/map2_navigation/share/map2_navigation/hook/cmake_prefix_path.sh'
[0.581s] Level 1:colcon.colcon_core.environment:checking '/root/enav/install/map2_navigation/lib'
[0.581s] Level 1:colcon.colcon_core.environment:checking '/root/enav/install/map2_navigation/bin'
[0.581s] Level 1:colcon.colcon_core.environment:checking '/root/enav/install/map2_navigation/lib/pkgconfig/map2_navigation.pc'
[0.581s] Level 1:colcon.colcon_core.environment:checking '/root/enav/install/map2_navigation/lib/python3.10/site-packages'
[0.582s] Level 1:colcon.colcon_core.environment:checking '/root/enav/install/map2_navigation/bin'
[0.582s] INFO:colcon.colcon_core.shell:Creating package script '/root/enav/install/map2_navigation/share/map2_navigation/package.ps1'
[0.582s] INFO:colcon.colcon_core.shell:Creating package descriptor '/root/enav/install/map2_navigation/share/map2_navigation/package.dsv'
[0.583s] INFO:colcon.colcon_core.shell:Creating package script '/root/enav/install/map2_navigation/share/map2_navigation/package.sh'
[0.583s] INFO:colcon.colcon_core.shell:Creating package script '/root/enav/install/map2_navigation/share/map2_navigation/package.bash'
[0.584s] INFO:colcon.colcon_core.shell:Creating package script '/root/enav/install/map2_navigation/share/map2_navigation/package.zsh'
[0.584s] Level 1:colcon.colcon_core.environment:create_file_with_runtime_dependencies(/root/enav/install/map2_navigation/share/colcon-core/packages/map2_navigation)
[0.585s] DEBUG:colcon.colcon_parallel_executor.executor.parallel:closing loop
[0.585s] DEBUG:colcon.colcon_parallel_executor.executor.parallel:loop closed
[0.585s] DEBUG:colcon.colcon_parallel_executor.executor.parallel:run_until_complete finished with '0'
[0.585s] DEBUG:colcon.colcon_core.event_reactor:joining thread
[0.591s] INFO:colcon.colcon_core.plugin_system:Skipping extension 'colcon_notification.desktop_notification.terminal_notifier': Not used on non-Darwin systems
[0.592s] INFO:colcon.colcon_core.plugin_system:Skipping extension 'colcon_notification.desktop_notification.win32': Not used on non-Windows systems
[0.592s] INFO:colcon.colcon_notification.desktop_notification:Sending desktop notification using 'notify2'
[0.602s] DEBUG:colcon.colcon_core.event_reactor:joined thread
[0.603s] INFO:colcon.colcon_core.shell:Creating prefix script '/root/enav/install/local_setup.ps1'
[0.604s] INFO:colcon.colcon_core.shell:Creating prefix util module '/root/enav/install/_local_setup_util_ps1.py'
[0.606s] INFO:colcon.colcon_core.shell:Creating prefix chain script '/root/enav/install/setup.ps1'
[0.609s] INFO:colcon.colcon_core.shell:Creating prefix script '/root/enav/install/local_setup.sh'
[0.609s] INFO:colcon.colcon_core.shell:Creating prefix util module '/root/enav/install/_local_setup_util_sh.py'
[0.610s] INFO:colcon.colcon_core.shell:Creating prefix chain script '/root/enav/install/setup.sh'
[0.613s] INFO:colcon.colcon_core.shell:Creating prefix script '/root/enav/install/local_setup.bash'
[0.613s] INFO:colcon.colcon_core.shell:Creating prefix chain script '/root/enav/install/setup.bash'
[0.615s] INFO:colcon.colcon_core.shell:Creating prefix script '/root/enav/install/local_setup.zsh'
[0.616s] INFO:colcon.colcon_core.shell:Creating prefix chain script '/root/enav/install/setup.zsh'
