[0.149s] DEBUG:colcon:Command line arguments: ['/usr/bin/colcon', 'build']
[0.149s] DEBUG:colcon:Parsed command line arguments: Namespace(log_base=None, log_level=None, verb_name='build', build_base='build', install_base='install', merge_install=False, symlink_install=False, test_result_base=None, continue_on_error=False, executor='parallel', parallel_workers=128, event_handlers=None, ignore_user_meta=False, metas=['./colcon.meta'], base_paths=['.'], packages_ignore=None, packages_ignore_regex=None, paths=None, packages_up_to=None, packages_up_to_regex=None, packages_above=None, packages_above_and_dependencies=None, packages_above_depth=None, packages_select_by_dep=None, packages_skip_by_dep=None, packages_skip_up_to=None, packages_select_build_failed=False, packages_skip_build_finished=False, packages_select_test_failures=False, packages_skip_test_passed=False, packages_select=None, packages_skip=None, packages_select_regex=None, packages_skip_regex=None, packages_start=None, packages_end=None, allow_overriding=[], cmake_args=None, cmake_target=None, cmake_target_skip_unavailable=False, cmake_clean_cache=False, cmake_clean_first=False, cmake_force_configure=False, ament_cmake_args=None, catkin_cmake_args=None, catkin_skip_building_tests=False, mixin_files=None, mixin=None, verb_parser=<colcon_mixin.mixin.mixin_argument.MixinArgumentDecorator object at 0x7f8b58d8bdf0>, verb_extension=<colcon_core.verb.build.BuildVerb object at 0x7f8b58d8b190>, main=<bound method BuildVerb.main of <colcon_core.verb.build.BuildVerb object at 0x7f8b58d8b190>>, mixin_verb=('build',))
[0.392s] Level 1:colcon.colcon_core.package_discovery:discover_packages(colcon_meta) check parameters
[0.392s] Level 1:colcon.colcon_core.package_discovery:discover_packages(recursive) check parameters
[0.392s] Level 1:colcon.colcon_core.package_discovery:discover_packages(ignore) check parameters
[0.392s] Level 1:colcon.colcon_core.package_discovery:discover_packages(path) check parameters
[0.392s] Level 1:colcon.colcon_core.package_discovery:discover_packages(colcon_meta) discover
[0.392s] Level 1:colcon.colcon_core.package_discovery:discover_packages(recursive) discover
[0.392s] INFO:colcon.colcon_core.package_discovery:Crawling recursively for packages in '/root/enav'
[0.393s] Level 1:colcon.colcon_core.package_identification:_identify(.) by extensions ['ignore', 'ignore_ament_install']
[0.393s] Level 1:colcon.colcon_core.package_identification:_identify(.) by extension 'ignore'
[0.393s] Level 1:colcon.colcon_core.package_identification:_identify(.) by extension 'ignore_ament_install'
[0.393s] Level 1:colcon.colcon_core.package_identification:_identify(.) by extensions ['colcon_pkg']
[0.393s] Level 1:colcon.colcon_core.package_identification:_identify(.) by extension 'colcon_pkg'
[0.393s] Level 1:colcon.colcon_core.package_identification:_identify(.) by extensions ['colcon_meta']
[0.393s] Level 1:colcon.colcon_core.package_identification:_identify(.) by extension 'colcon_meta'
[0.393s] Level 1:colcon.colcon_core.package_identification:_identify(.) by extensions ['ros']
[0.393s] Level 1:colcon.colcon_core.package_identification:_identify(.) by extension 'ros'
[0.417s] Level 1:colcon.colcon_core.package_identification:_identify(.) by extensions ['cmake', 'python']
[0.417s] Level 1:colcon.colcon_core.package_identification:_identify(.) by extension 'cmake'
[0.417s] Level 1:colcon.colcon_core.package_identification:_identify(.) by extension 'python'
[0.417s] Level 1:colcon.colcon_core.package_identification:_identify(.) by extensions ['python_setup_py']
[0.417s] Level 1:colcon.colcon_core.package_identification:_identify(.) by extension 'python_setup_py'
[0.418s] Level 1:colcon.colcon_core.package_identification:_identify(build) by extensions ['ignore', 'ignore_ament_install']
[0.418s] Level 1:colcon.colcon_core.package_identification:_identify(build) by extension 'ignore'
[0.418s] Level 1:colcon.colcon_core.package_identification:_identify(build) ignored
[0.418s] Level 1:colcon.colcon_core.package_identification:_identify(car) by extensions ['ignore', 'ignore_ament_install']
[0.418s] Level 1:colcon.colcon_core.package_identification:_identify(car) by extension 'ignore'
[0.418s] Level 1:colcon.colcon_core.package_identification:_identify(car) by extension 'ignore_ament_install'
[0.418s] Level 1:colcon.colcon_core.package_identification:_identify(car) by extensions ['colcon_pkg']
[0.418s] Level 1:colcon.colcon_core.package_identification:_identify(car) by extension 'colcon_pkg'
[0.418s] Level 1:colcon.colcon_core.package_identification:_identify(car) by extensions ['colcon_meta']
[0.418s] Level 1:colcon.colcon_core.package_identification:_identify(car) by extension 'colcon_meta'
[0.418s] Level 1:colcon.colcon_core.package_identification:_identify(car) by extensions ['ros']
[0.418s] Level 1:colcon.colcon_core.package_identification:_identify(car) by extension 'ros'
[0.419s] Level 1:colcon.colcon_core.package_identification:_identify(car) by extensions ['cmake', 'python']
[0.419s] Level 1:colcon.colcon_core.package_identification:_identify(car) by extension 'cmake'
[0.419s] Level 1:colcon.colcon_core.package_identification:_identify(car) by extension 'python'
[0.419s] Level 1:colcon.colcon_core.package_identification:_identify(car) by extensions ['python_setup_py']
[0.419s] Level 1:colcon.colcon_core.package_identification:_identify(car) by extension 'python_setup_py'
[0.419s] Level 1:colcon.colcon_core.package_identification:_identify(environment) by extensions ['ignore', 'ignore_ament_install']
[0.419s] Level 1:colcon.colcon_core.package_identification:_identify(environment) by extension 'ignore'
[0.419s] Level 1:colcon.colcon_core.package_identification:_identify(environment) by extension 'ignore_ament_install'
[0.419s] Level 1:colcon.colcon_core.package_identification:_identify(environment) by extensions ['colcon_pkg']
[0.419s] Level 1:colcon.colcon_core.package_identification:_identify(environment) by extension 'colcon_pkg'
[0.419s] Level 1:colcon.colcon_core.package_identification:_identify(environment) by extensions ['colcon_meta']
[0.419s] Level 1:colcon.colcon_core.package_identification:_identify(environment) by extension 'colcon_meta'
[0.419s] Level 1:colcon.colcon_core.package_identification:_identify(environment) by extensions ['ros']
[0.419s] Level 1:colcon.colcon_core.package_identification:_identify(environment) by extension 'ros'
[0.419s] Level 1:colcon.colcon_core.package_identification:_identify(environment) by extensions ['cmake', 'python']
[0.419s] Level 1:colcon.colcon_core.package_identification:_identify(environment) by extension 'cmake'
[0.419s] Level 1:colcon.colcon_core.package_identification:_identify(environment) by extension 'python'
[0.419s] Level 1:colcon.colcon_core.package_identification:_identify(environment) by extensions ['python_setup_py']
[0.420s] Level 1:colcon.colcon_core.package_identification:_identify(environment) by extension 'python_setup_py'
[0.420s] Level 1:colcon.colcon_core.package_identification:_identify(environment/__pycache__) by extensions ['ignore', 'ignore_ament_install']
[0.420s] Level 1:colcon.colcon_core.package_identification:_identify(environment/__pycache__) by extension 'ignore'
[0.420s] Level 1:colcon.colcon_core.package_identification:_identify(environment/__pycache__) by extension 'ignore_ament_install'
[0.420s] Level 1:colcon.colcon_core.package_identification:_identify(environment/__pycache__) by extensions ['colcon_pkg']
[0.420s] Level 1:colcon.colcon_core.package_identification:_identify(environment/__pycache__) by extension 'colcon_pkg'
[0.420s] Level 1:colcon.colcon_core.package_identification:_identify(environment/__pycache__) by extensions ['colcon_meta']
[0.420s] Level 1:colcon.colcon_core.package_identification:_identify(environment/__pycache__) by extension 'colcon_meta'
[0.420s] Level 1:colcon.colcon_core.package_identification:_identify(environment/__pycache__) by extensions ['ros']
[0.420s] Level 1:colcon.colcon_core.package_identification:_identify(environment/__pycache__) by extension 'ros'
[0.420s] Level 1:colcon.colcon_core.package_identification:_identify(environment/__pycache__) by extensions ['cmake', 'python']
[0.420s] Level 1:colcon.colcon_core.package_identification:_identify(environment/__pycache__) by extension 'cmake'
[0.420s] Level 1:colcon.colcon_core.package_identification:_identify(environment/__pycache__) by extension 'python'
[0.420s] Level 1:colcon.colcon_core.package_identification:_identify(environment/__pycache__) by extensions ['python_setup_py']
[0.420s] Level 1:colcon.colcon_core.package_identification:_identify(environment/__pycache__) by extension 'python_setup_py'
[0.420s] Level 1:colcon.colcon_core.package_identification:_identify(install) by extensions ['ignore', 'ignore_ament_install']
[0.421s] Level 1:colcon.colcon_core.package_identification:_identify(install) by extension 'ignore'
[0.421s] Level 1:colcon.colcon_core.package_identification:_identify(install) ignored
[0.421s] Level 1:colcon.colcon_core.package_identification:_identify(log) by extensions ['ignore', 'ignore_ament_install']
[0.421s] Level 1:colcon.colcon_core.package_identification:_identify(log) by extension 'ignore'
[0.421s] Level 1:colcon.colcon_core.package_identification:_identify(log) ignored
[0.421s] Level 1:colcon.colcon_core.package_identification:_identify(src) by extensions ['ignore', 'ignore_ament_install']
[0.421s] Level 1:colcon.colcon_core.package_identification:_identify(src) by extension 'ignore'
[0.421s] Level 1:colcon.colcon_core.package_identification:_identify(src) by extension 'ignore_ament_install'
[0.421s] Level 1:colcon.colcon_core.package_identification:_identify(src) by extensions ['colcon_pkg']
[0.421s] Level 1:colcon.colcon_core.package_identification:_identify(src) by extension 'colcon_pkg'
[0.421s] Level 1:colcon.colcon_core.package_identification:_identify(src) by extensions ['colcon_meta']
[0.421s] Level 1:colcon.colcon_core.package_identification:_identify(src) by extension 'colcon_meta'
[0.421s] Level 1:colcon.colcon_core.package_identification:_identify(src) by extensions ['ros']
[0.421s] Level 1:colcon.colcon_core.package_identification:_identify(src) by extension 'ros'
[0.422s] Level 1:colcon.colcon_core.package_identification:_identify(src) by extensions ['cmake', 'python']
[0.422s] Level 1:colcon.colcon_core.package_identification:_identify(src) by extension 'cmake'
[0.422s] Level 1:colcon.colcon_core.package_identification:_identify(src) by extension 'python'
[0.422s] Level 1:colcon.colcon_core.package_identification:_identify(src) by extensions ['python_setup_py']
[0.422s] Level 1:colcon.colcon_core.package_identification:_identify(src) by extension 'python_setup_py'
[0.422s] Level 1:colcon.colcon_core.package_identification:_identify(src/eci) by extensions ['ignore', 'ignore_ament_install']
[0.422s] Level 1:colcon.colcon_core.package_identification:_identify(src/eci) by extension 'ignore'
[0.422s] Level 1:colcon.colcon_core.package_identification:_identify(src/eci) by extension 'ignore_ament_install'
[0.422s] Level 1:colcon.colcon_core.package_identification:_identify(src/eci) by extensions ['colcon_pkg']
[0.422s] Level 1:colcon.colcon_core.package_identification:_identify(src/eci) by extension 'colcon_pkg'
[0.422s] Level 1:colcon.colcon_core.package_identification:_identify(src/eci) by extensions ['colcon_meta']
[0.422s] Level 1:colcon.colcon_core.package_identification:_identify(src/eci) by extension 'colcon_meta'
[0.422s] Level 1:colcon.colcon_core.package_identification:_identify(src/eci) by extensions ['ros']
[0.422s] Level 1:colcon.colcon_core.package_identification:_identify(src/eci) by extension 'ros'
[0.425s] DEBUG:colcon.colcon_core.package_identification:Package 'src/eci' with type 'ros.ament_cmake' and name 'eci'
[0.425s] Level 1:colcon.colcon_core.package_identification:_identify(src/map2_navigation) by extensions ['ignore', 'ignore_ament_install']
[0.425s] Level 1:colcon.colcon_core.package_identification:_identify(src/map2_navigation) by extension 'ignore'
[0.425s] Level 1:colcon.colcon_core.package_identification:_identify(src/map2_navigation) by extension 'ignore_ament_install'
[0.425s] Level 1:colcon.colcon_core.package_identification:_identify(src/map2_navigation) by extensions ['colcon_pkg']
[0.426s] Level 1:colcon.colcon_core.package_identification:_identify(src/map2_navigation) by extension 'colcon_pkg'
[0.426s] Level 1:colcon.colcon_core.package_identification:_identify(src/map2_navigation) by extensions ['colcon_meta']
[0.426s] Level 1:colcon.colcon_core.package_identification:_identify(src/map2_navigation) by extension 'colcon_meta'
[0.426s] Level 1:colcon.colcon_core.package_identification:_identify(src/map2_navigation) by extensions ['ros']
[0.426s] Level 1:colcon.colcon_core.package_identification:_identify(src/map2_navigation) by extension 'ros'
[0.426s] DEBUG:colcon.colcon_core.package_identification:Package 'src/map2_navigation' with type 'ros.ament_cmake' and name 'map2_navigation'
[0.426s] Level 1:colcon.colcon_core.package_discovery:discover_packages(recursive) using defaults
[0.426s] Level 1:colcon.colcon_core.package_discovery:discover_packages(ignore) discover
[0.427s] Level 1:colcon.colcon_core.package_discovery:discover_packages(ignore) using defaults
[0.427s] Level 1:colcon.colcon_core.package_discovery:discover_packages(path) discover
[0.427s] Level 1:colcon.colcon_core.package_discovery:discover_packages(path) using defaults
[0.449s] Level 1:colcon.colcon_core.package_discovery:discover_packages(prefix_path) check parameters
[0.449s] Level 1:colcon.colcon_core.package_discovery:discover_packages(prefix_path) discover
[0.450s] WARNING:colcon.colcon_ros.prefix_path.ament:The path '/root/enav/install/map2_navigation' in the environment variable AMENT_PREFIX_PATH doesn't exist
[0.450s] WARNING:colcon.colcon_ros.prefix_path.ament:The path '/root/enav/install/eci' in the environment variable AMENT_PREFIX_PATH doesn't exist
[0.451s] WARNING:colcon.colcon_ros.prefix_path.catkin:The path '/root/enav/install/map2_navigation' in the environment variable CMAKE_PREFIX_PATH doesn't exist
[0.451s] WARNING:colcon.colcon_ros.prefix_path.catkin:The path '/root/enav/install/eci' in the environment variable CMAKE_PREFIX_PATH doesn't exist
[0.452s] DEBUG:colcon.colcon_installed_package_information.package_discovery:Found 0 installed packages in /root/enav/install
[0.453s] DEBUG:colcon.colcon_installed_package_information.package_discovery:Found 14 installed packages in /root/IsaacSim-ros_workspaces/humble_ws/install
[0.455s] DEBUG:colcon.colcon_installed_package_information.package_discovery:Found 405 installed packages in /opt/ros/humble
[0.457s] Level 1:colcon.colcon_core.package_discovery:discover_packages(prefix_path) using defaults
[0.525s] Level 5:colcon.colcon_core.verb:set package 'eci' build argument 'cmake_args' from command line to 'None'
[0.525s] Level 5:colcon.colcon_core.verb:set package 'eci' build argument 'cmake_target' from command line to 'None'
[0.525s] Level 5:colcon.colcon_core.verb:set package 'eci' build argument 'cmake_target_skip_unavailable' from command line to 'False'
[0.525s] Level 5:colcon.colcon_core.verb:set package 'eci' build argument 'cmake_clean_cache' from command line to 'False'
[0.525s] Level 5:colcon.colcon_core.verb:set package 'eci' build argument 'cmake_clean_first' from command line to 'False'
[0.525s] Level 5:colcon.colcon_core.verb:set package 'eci' build argument 'cmake_force_configure' from command line to 'False'
[0.525s] Level 5:colcon.colcon_core.verb:set package 'eci' build argument 'ament_cmake_args' from command line to 'None'
[0.526s] Level 5:colcon.colcon_core.verb:set package 'eci' build argument 'catkin_cmake_args' from command line to 'None'
[0.526s] Level 5:colcon.colcon_core.verb:set package 'eci' build argument 'catkin_skip_building_tests' from command line to 'False'
[0.526s] DEBUG:colcon.colcon_core.verb:Building package 'eci' with the following arguments: {'ament_cmake_args': None, 'build_base': '/root/enav/build/eci', 'catkin_cmake_args': None, 'catkin_skip_building_tests': False, 'cmake_args': None, 'cmake_clean_cache': False, 'cmake_clean_first': False, 'cmake_force_configure': False, 'cmake_target': None, 'cmake_target_skip_unavailable': False, 'install_base': '/root/enav/install/eci', 'merge_install': False, 'path': '/root/enav/src/eci', 'symlink_install': False, 'test_result_base': None}
[0.526s] Level 5:colcon.colcon_core.verb:set package 'map2_navigation' build argument 'cmake_args' from command line to 'None'
[0.526s] Level 5:colcon.colcon_core.verb:set package 'map2_navigation' build argument 'cmake_target' from command line to 'None'
[0.526s] Level 5:colcon.colcon_core.verb:set package 'map2_navigation' build argument 'cmake_target_skip_unavailable' from command line to 'False'
[0.526s] Level 5:colcon.colcon_core.verb:set package 'map2_navigation' build argument 'cmake_clean_cache' from command line to 'False'
[0.526s] Level 5:colcon.colcon_core.verb:set package 'map2_navigation' build argument 'cmake_clean_first' from command line to 'False'
[0.526s] Level 5:colcon.colcon_core.verb:set package 'map2_navigation' build argument 'cmake_force_configure' from command line to 'False'
[0.526s] Level 5:colcon.colcon_core.verb:set package 'map2_navigation' build argument 'ament_cmake_args' from command line to 'None'
[0.526s] Level 5:colcon.colcon_core.verb:set package 'map2_navigation' build argument 'catkin_cmake_args' from command line to 'None'
[0.526s] Level 5:colcon.colcon_core.verb:set package 'map2_navigation' build argument 'catkin_skip_building_tests' from command line to 'False'
[0.526s] DEBUG:colcon.colcon_core.verb:Building package 'map2_navigation' with the following arguments: {'ament_cmake_args': None, 'build_base': '/root/enav/build/map2_navigation', 'catkin_cmake_args': None, 'catkin_skip_building_tests': False, 'cmake_args': None, 'cmake_clean_cache': False, 'cmake_clean_first': False, 'cmake_force_configure': False, 'cmake_target': None, 'cmake_target_skip_unavailable': False, 'install_base': '/root/enav/install/map2_navigation', 'merge_install': False, 'path': '/root/enav/src/map2_navigation', 'symlink_install': False, 'test_result_base': None}
[0.526s] INFO:colcon.colcon_core.executor:Executing jobs using 'parallel' executor
[0.528s] DEBUG:colcon.colcon_parallel_executor.executor.parallel:run_until_complete
[0.528s] INFO:colcon.colcon_ros.task.ament_cmake.build:Building ROS package in '/root/enav/src/eci' with build type 'ament_cmake'
[0.528s] INFO:colcon.colcon_cmake.task.cmake.build:Building CMake package in '/root/enav/src/eci'
[0.531s] INFO:colcon.colcon_core.plugin_system:Skipping extension 'colcon_core.shell.bat': Not used on non-Windows systems
[0.531s] INFO:colcon.colcon_core.shell:Skip shell extension 'powershell' for command environment: Not usable outside of PowerShell
[0.531s] DEBUG:colcon.colcon_core.shell:Skip shell extension 'dsv' for command environment
[0.537s] INFO:colcon.colcon_ros.task.ament_cmake.build:Building ROS package in '/root/enav/src/map2_navigation' with build type 'ament_cmake'
[0.537s] INFO:colcon.colcon_cmake.task.cmake.build:Building CMake package in '/root/enav/src/map2_navigation'
[0.538s] INFO:colcon.colcon_core.shell:Skip shell extension 'powershell' for command environment: Not usable outside of PowerShell
[0.538s] DEBUG:colcon.colcon_core.shell:Skip shell extension 'dsv' for command environment
[0.549s] DEBUG:colcon.colcon_core.event_handler.log_command:Invoking command in '/root/enav/build/eci': CMAKE_PREFIX_PATH=${CMAKE_PREFIX_PATH}:/root/IsaacSim-ros_workspaces/humble_ws/install/isaac_ros_navigation_goal:/opt/ros/humble /usr/bin/cmake /root/enav/src/eci -DCMAKE_INSTALL_PREFIX=/root/enav/install/eci
[0.553s] DEBUG:colcon.colcon_core.event_handler.log_command:Invoking command in '/root/enav/build/map2_navigation': CMAKE_PREFIX_PATH=${CMAKE_PREFIX_PATH}:/root/IsaacSim-ros_workspaces/humble_ws/install/isaac_ros_navigation_goal:/opt/ros/humble /usr/bin/cmake /root/enav/src/map2_navigation -DCMAKE_INSTALL_PREFIX=/root/enav/install/map2_navigation
[1.496s] DEBUG:colcon.colcon_core.event_handler.log_command:Invoked command in '/root/enav/build/map2_navigation' returned '0': CMAKE_PREFIX_PATH=${CMAKE_PREFIX_PATH}:/root/IsaacSim-ros_workspaces/humble_ws/install/isaac_ros_navigation_goal:/opt/ros/humble /usr/bin/cmake /root/enav/src/map2_navigation -DCMAKE_INSTALL_PREFIX=/root/enav/install/map2_navigation
[1.498s] DEBUG:colcon.colcon_core.event_handler.log_command:Invoking command in '/root/enav/build/map2_navigation': CMAKE_PREFIX_PATH=${CMAKE_PREFIX_PATH}:/root/IsaacSim-ros_workspaces/humble_ws/install/isaac_ros_navigation_goal:/opt/ros/humble /usr/bin/cmake --build /root/enav/build/map2_navigation -- -j128 -l128
[1.545s] DEBUG:colcon.colcon_core.event_handler.log_command:Invoked command in '/root/enav/build/map2_navigation' returned '0': CMAKE_PREFIX_PATH=${CMAKE_PREFIX_PATH}:/root/IsaacSim-ros_workspaces/humble_ws/install/isaac_ros_navigation_goal:/opt/ros/humble /usr/bin/cmake --build /root/enav/build/map2_navigation -- -j128 -l128
[1.559s] DEBUG:colcon.colcon_core.event_handler.log_command:Invoking command in '/root/enav/build/map2_navigation': CMAKE_PREFIX_PATH=${CMAKE_PREFIX_PATH}:/root/IsaacSim-ros_workspaces/humble_ws/install/isaac_ros_navigation_goal:/opt/ros/humble /usr/bin/cmake --install /root/enav/build/map2_navigation
[1.559s] DEBUG:colcon.colcon_core.event_handler.log_command:Invoked command in '/root/enav/build/eci' returned '0': CMAKE_PREFIX_PATH=${CMAKE_PREFIX_PATH}:/root/IsaacSim-ros_workspaces/humble_ws/install/isaac_ros_navigation_goal:/opt/ros/humble /usr/bin/cmake /root/enav/src/eci -DCMAKE_INSTALL_PREFIX=/root/enav/install/eci
[1.561s] DEBUG:colcon.colcon_core.event_handler.log_command:Invoking command in '/root/enav/build/eci': CMAKE_PREFIX_PATH=${CMAKE_PREFIX_PATH}:/root/IsaacSim-ros_workspaces/humble_ws/install/isaac_ros_navigation_goal:/opt/ros/humble /usr/bin/cmake --build /root/enav/build/eci -- -j128 -l128
[1.580s] Level 1:colcon.colcon_core.environment:create_environment_scripts_only(map2_navigation)
[1.581s] DEBUG:colcon.colcon_core.event_handler.log_command:Invoked command in '/root/enav/build/map2_navigation' returned '0': CMAKE_PREFIX_PATH=${CMAKE_PREFIX_PATH}:/root/IsaacSim-ros_workspaces/humble_ws/install/isaac_ros_navigation_goal:/opt/ros/humble /usr/bin/cmake --install /root/enav/build/map2_navigation
[1.584s] Level 1:colcon.colcon_core.environment:checking '/root/enav/install/map2_navigation' for CMake module files
[1.584s] Level 1:colcon.colcon_core.environment:checking '/root/enav/install/map2_navigation' for CMake config files
[1.585s] Level 1:colcon.colcon_core.shell:create_environment_hook('map2_navigation', 'cmake_prefix_path')
[1.585s] INFO:colcon.colcon_core.shell:Creating environment hook '/root/enav/install/map2_navigation/share/map2_navigation/hook/cmake_prefix_path.ps1'
[1.586s] INFO:colcon.colcon_core.shell:Creating environment descriptor '/root/enav/install/map2_navigation/share/map2_navigation/hook/cmake_prefix_path.dsv'
[1.586s] INFO:colcon.colcon_core.shell:Creating environment hook '/root/enav/install/map2_navigation/share/map2_navigation/hook/cmake_prefix_path.sh'
[1.587s] Level 1:colcon.colcon_core.environment:checking '/root/enav/install/map2_navigation/lib'
[1.588s] Level 1:colcon.colcon_core.environment:checking '/root/enav/install/map2_navigation/bin'
[1.588s] Level 1:colcon.colcon_core.environment:checking '/root/enav/install/map2_navigation/lib/pkgconfig/map2_navigation.pc'
[1.588s] Level 1:colcon.colcon_core.environment:checking '/root/enav/install/map2_navigation/lib/python3.10/site-packages'
[1.588s] Level 1:colcon.colcon_core.environment:checking '/root/enav/install/map2_navigation/bin'
[1.589s] INFO:colcon.colcon_core.shell:Creating package script '/root/enav/install/map2_navigation/share/map2_navigation/package.ps1'
[1.590s] INFO:colcon.colcon_core.shell:Creating package descriptor '/root/enav/install/map2_navigation/share/map2_navigation/package.dsv'
[1.590s] INFO:colcon.colcon_core.shell:Creating package script '/root/enav/install/map2_navigation/share/map2_navigation/package.sh'
[1.591s] INFO:colcon.colcon_core.shell:Creating package script '/root/enav/install/map2_navigation/share/map2_navigation/package.bash'
[1.592s] INFO:colcon.colcon_core.shell:Creating package script '/root/enav/install/map2_navigation/share/map2_navigation/package.zsh'
[1.593s] Level 1:colcon.colcon_core.environment:create_file_with_runtime_dependencies(/root/enav/install/map2_navigation/share/colcon-core/packages/map2_navigation)
[1.594s] Level 1:colcon.colcon_core.environment:create_environment_scripts_only(map2_navigation)
[1.594s] Level 1:colcon.colcon_core.environment:checking '/root/enav/install/map2_navigation' for CMake module files
[1.595s] Level 1:colcon.colcon_core.environment:checking '/root/enav/install/map2_navigation' for CMake config files
[1.595s] Level 1:colcon.colcon_core.shell:create_environment_hook('map2_navigation', 'cmake_prefix_path')
[1.595s] INFO:colcon.colcon_core.shell:Creating environment hook '/root/enav/install/map2_navigation/share/map2_navigation/hook/cmake_prefix_path.ps1'
[1.596s] INFO:colcon.colcon_core.shell:Creating environment descriptor '/root/enav/install/map2_navigation/share/map2_navigation/hook/cmake_prefix_path.dsv'
[1.596s] INFO:colcon.colcon_core.shell:Creating environment hook '/root/enav/install/map2_navigation/share/map2_navigation/hook/cmake_prefix_path.sh'
[1.597s] Level 1:colcon.colcon_core.environment:checking '/root/enav/install/map2_navigation/lib'
[1.597s] Level 1:colcon.colcon_core.environment:checking '/root/enav/install/map2_navigation/bin'
[1.597s] Level 1:colcon.colcon_core.environment:checking '/root/enav/install/map2_navigation/lib/pkgconfig/map2_navigation.pc'
[1.598s] Level 1:colcon.colcon_core.environment:checking '/root/enav/install/map2_navigation/lib/python3.10/site-packages'
[1.598s] Level 1:colcon.colcon_core.environment:checking '/root/enav/install/map2_navigation/bin'
[1.598s] INFO:colcon.colcon_core.shell:Creating package script '/root/enav/install/map2_navigation/share/map2_navigation/package.ps1'
[1.599s] INFO:colcon.colcon_core.shell:Creating package descriptor '/root/enav/install/map2_navigation/share/map2_navigation/package.dsv'
[1.600s] INFO:colcon.colcon_core.shell:Creating package script '/root/enav/install/map2_navigation/share/map2_navigation/package.sh'
[1.600s] INFO:colcon.colcon_core.shell:Creating package script '/root/enav/install/map2_navigation/share/map2_navigation/package.bash'
[1.601s] INFO:colcon.colcon_core.shell:Creating package script '/root/enav/install/map2_navigation/share/map2_navigation/package.zsh'
[1.601s] Level 1:colcon.colcon_core.environment:create_file_with_runtime_dependencies(/root/enav/install/map2_navigation/share/colcon-core/packages/map2_navigation)
[1.604s] DEBUG:colcon.colcon_core.event_handler.log_command:Invoked command in '/root/enav/build/eci' returned '0': CMAKE_PREFIX_PATH=${CMAKE_PREFIX_PATH}:/root/IsaacSim-ros_workspaces/humble_ws/install/isaac_ros_navigation_goal:/opt/ros/humble /usr/bin/cmake --build /root/enav/build/eci -- -j128 -l128
[1.606s] DEBUG:colcon.colcon_core.event_handler.log_command:Invoking command in '/root/enav/build/eci': CMAKE_PREFIX_PATH=${CMAKE_PREFIX_PATH}:/root/IsaacSim-ros_workspaces/humble_ws/install/isaac_ros_navigation_goal:/opt/ros/humble /usr/bin/cmake --install /root/enav/build/eci
[1.624s] Level 1:colcon.colcon_core.environment:create_environment_scripts_only(eci)
[1.625s] Level 1:colcon.colcon_core.environment:checking '/root/enav/install/eci' for CMake module files
[1.625s] DEBUG:colcon.colcon_core.event_handler.log_command:Invoked command in '/root/enav/build/eci' returned '0': CMAKE_PREFIX_PATH=${CMAKE_PREFIX_PATH}:/root/IsaacSim-ros_workspaces/humble_ws/install/isaac_ros_navigation_goal:/opt/ros/humble /usr/bin/cmake --install /root/enav/build/eci
[1.626s] Level 1:colcon.colcon_core.environment:checking '/root/enav/install/eci' for CMake config files
[1.626s] Level 1:colcon.colcon_core.shell:create_environment_hook('eci', 'cmake_prefix_path')
[1.626s] INFO:colcon.colcon_core.shell:Creating environment hook '/root/enav/install/eci/share/eci/hook/cmake_prefix_path.ps1'
[1.627s] INFO:colcon.colcon_core.shell:Creating environment descriptor '/root/enav/install/eci/share/eci/hook/cmake_prefix_path.dsv'
[1.627s] INFO:colcon.colcon_core.shell:Creating environment hook '/root/enav/install/eci/share/eci/hook/cmake_prefix_path.sh'
[1.628s] Level 1:colcon.colcon_core.environment:checking '/root/enav/install/eci/lib'
[1.628s] Level 1:colcon.colcon_core.environment:checking '/root/enav/install/eci/bin'
[1.628s] Level 1:colcon.colcon_core.environment:checking '/root/enav/install/eci/lib/pkgconfig/eci.pc'
[1.629s] Level 1:colcon.colcon_core.environment:checking '/root/enav/install/eci/lib/python3.10/site-packages'
[1.629s] Level 1:colcon.colcon_core.environment:checking '/root/enav/install/eci/bin'
[1.629s] INFO:colcon.colcon_core.shell:Creating package script '/root/enav/install/eci/share/eci/package.ps1'
[1.630s] INFO:colcon.colcon_core.shell:Creating package descriptor '/root/enav/install/eci/share/eci/package.dsv'
[1.630s] INFO:colcon.colcon_core.shell:Creating package script '/root/enav/install/eci/share/eci/package.sh'
[1.631s] INFO:colcon.colcon_core.shell:Creating package script '/root/enav/install/eci/share/eci/package.bash'
[1.631s] INFO:colcon.colcon_core.shell:Creating package script '/root/enav/install/eci/share/eci/package.zsh'
[1.632s] Level 1:colcon.colcon_core.environment:create_file_with_runtime_dependencies(/root/enav/install/eci/share/colcon-core/packages/eci)
[1.633s] Level 1:colcon.colcon_core.environment:create_environment_scripts_only(eci)
[1.633s] Level 1:colcon.colcon_core.environment:checking '/root/enav/install/eci' for CMake module files
[1.634s] Level 1:colcon.colcon_core.environment:checking '/root/enav/install/eci' for CMake config files
[1.634s] Level 1:colcon.colcon_core.shell:create_environment_hook('eci', 'cmake_prefix_path')
[1.634s] INFO:colcon.colcon_core.shell:Creating environment hook '/root/enav/install/eci/share/eci/hook/cmake_prefix_path.ps1'
[1.635s] INFO:colcon.colcon_core.shell:Creating environment descriptor '/root/enav/install/eci/share/eci/hook/cmake_prefix_path.dsv'
[1.635s] INFO:colcon.colcon_core.shell:Creating environment hook '/root/enav/install/eci/share/eci/hook/cmake_prefix_path.sh'
[1.636s] Level 1:colcon.colcon_core.environment:checking '/root/enav/install/eci/lib'
[1.636s] Level 1:colcon.colcon_core.environment:checking '/root/enav/install/eci/bin'
[1.636s] Level 1:colcon.colcon_core.environment:checking '/root/enav/install/eci/lib/pkgconfig/eci.pc'
[1.636s] Level 1:colcon.colcon_core.environment:checking '/root/enav/install/eci/lib/python3.10/site-packages'
[1.637s] Level 1:colcon.colcon_core.environment:checking '/root/enav/install/eci/bin'
[1.637s] INFO:colcon.colcon_core.shell:Creating package script '/root/enav/install/eci/share/eci/package.ps1'
[1.638s] INFO:colcon.colcon_core.shell:Creating package descriptor '/root/enav/install/eci/share/eci/package.dsv'
[1.638s] INFO:colcon.colcon_core.shell:Creating package script '/root/enav/install/eci/share/eci/package.sh'
[1.639s] INFO:colcon.colcon_core.shell:Creating package script '/root/enav/install/eci/share/eci/package.bash'
[1.639s] INFO:colcon.colcon_core.shell:Creating package script '/root/enav/install/eci/share/eci/package.zsh'
[1.640s] Level 1:colcon.colcon_core.environment:create_file_with_runtime_dependencies(/root/enav/install/eci/share/colcon-core/packages/eci)
[1.640s] DEBUG:colcon.colcon_parallel_executor.executor.parallel:closing loop
[1.640s] DEBUG:colcon.colcon_parallel_executor.executor.parallel:loop closed
[1.640s] DEBUG:colcon.colcon_parallel_executor.executor.parallel:run_until_complete finished with '0'
[1.641s] DEBUG:colcon.colcon_core.event_reactor:joining thread
[1.647s] INFO:colcon.colcon_core.plugin_system:Skipping extension 'colcon_notification.desktop_notification.terminal_notifier': Not used on non-Darwin systems
[1.647s] INFO:colcon.colcon_core.plugin_system:Skipping extension 'colcon_notification.desktop_notification.win32': Not used on non-Windows systems
[1.647s] INFO:colcon.colcon_notification.desktop_notification:Sending desktop notification using 'notify2'
[1.658s] DEBUG:colcon.colcon_core.event_reactor:joined thread
[1.658s] INFO:colcon.colcon_core.shell:Creating prefix script '/root/enav/install/local_setup.ps1'
[1.660s] INFO:colcon.colcon_core.shell:Creating prefix util module '/root/enav/install/_local_setup_util_ps1.py'
[1.661s] INFO:colcon.colcon_core.shell:Creating prefix chain script '/root/enav/install/setup.ps1'
[1.664s] INFO:colcon.colcon_core.shell:Creating prefix script '/root/enav/install/local_setup.sh'
[1.664s] INFO:colcon.colcon_core.shell:Creating prefix util module '/root/enav/install/_local_setup_util_sh.py'
[1.665s] INFO:colcon.colcon_core.shell:Creating prefix chain script '/root/enav/install/setup.sh'
[1.667s] INFO:colcon.colcon_core.shell:Creating prefix script '/root/enav/install/local_setup.bash'
[1.668s] INFO:colcon.colcon_core.shell:Creating prefix chain script '/root/enav/install/setup.bash'
[1.670s] INFO:colcon.colcon_core.shell:Creating prefix script '/root/enav/install/local_setup.zsh'
[1.671s] INFO:colcon.colcon_core.shell:Creating prefix chain script '/root/enav/install/setup.zsh'
