[0.139s] DEBUG:colcon:Command line arguments: ['/usr/bin/colcon', 'build']
[0.139s] DEBUG:colcon:Parsed command line arguments: Namespace(log_base=None, log_level=None, verb_name='build', build_base='build', install_base='install', merge_install=False, symlink_install=False, test_result_base=None, continue_on_error=False, executor='parallel', parallel_workers=128, event_handlers=None, ignore_user_meta=False, metas=['./colcon.meta'], base_paths=['.'], packages_ignore=None, packages_ignore_regex=None, paths=None, packages_up_to=None, packages_up_to_regex=None, packages_above=None, packages_above_and_dependencies=None, packages_above_depth=None, packages_select_by_dep=None, packages_skip_by_dep=None, packages_skip_up_to=None, packages_select_build_failed=False, packages_skip_build_finished=False, packages_select_test_failures=False, packages_skip_test_passed=False, packages_select=None, packages_skip=None, packages_select_regex=None, packages_skip_regex=None, packages_start=None, packages_end=None, allow_overriding=[], cmake_args=None, cmake_target=None, cmake_target_skip_unavailable=False, cmake_clean_cache=False, cmake_clean_first=False, cmake_force_configure=False, ament_cmake_args=None, catkin_cmake_args=None, catkin_skip_building_tests=False, mixin_files=None, mixin=None, verb_parser=<colcon_mixin.mixin.mixin_argument.MixinArgumentDecorator object at 0x7fb914067df0>, verb_extension=<colcon_core.verb.build.BuildVerb object at 0x7fb914067190>, main=<bound method BuildVerb.main of <colcon_core.verb.build.BuildVerb object at 0x7fb914067190>>, mixin_verb=('build',))
[0.370s] Level 1:colcon.colcon_core.package_discovery:discover_packages(colcon_meta) check parameters
[0.371s] Level 1:colcon.colcon_core.package_discovery:discover_packages(recursive) check parameters
[0.371s] Level 1:colcon.colcon_core.package_discovery:discover_packages(ignore) check parameters
[0.371s] Level 1:colcon.colcon_core.package_discovery:discover_packages(path) check parameters
[0.371s] Level 1:colcon.colcon_core.package_discovery:discover_packages(colcon_meta) discover
[0.371s] Level 1:colcon.colcon_core.package_discovery:discover_packages(recursive) discover
[0.371s] INFO:colcon.colcon_core.package_discovery:Crawling recursively for packages in '/root/enav'
[0.371s] Level 1:colcon.colcon_core.package_identification:_identify(.) by extensions ['ignore', 'ignore_ament_install']
[0.371s] Level 1:colcon.colcon_core.package_identification:_identify(.) by extension 'ignore'
[0.371s] Level 1:colcon.colcon_core.package_identification:_identify(.) by extension 'ignore_ament_install'
[0.371s] Level 1:colcon.colcon_core.package_identification:_identify(.) by extensions ['colcon_pkg']
[0.371s] Level 1:colcon.colcon_core.package_identification:_identify(.) by extension 'colcon_pkg'
[0.371s] Level 1:colcon.colcon_core.package_identification:_identify(.) by extensions ['colcon_meta']
[0.371s] Level 1:colcon.colcon_core.package_identification:_identify(.) by extension 'colcon_meta'
[0.371s] Level 1:colcon.colcon_core.package_identification:_identify(.) by extensions ['ros']
[0.371s] Level 1:colcon.colcon_core.package_identification:_identify(.) by extension 'ros'
[0.393s] Level 1:colcon.colcon_core.package_identification:_identify(.) by extensions ['cmake', 'python']
[0.393s] Level 1:colcon.colcon_core.package_identification:_identify(.) by extension 'cmake'
[0.393s] Level 1:colcon.colcon_core.package_identification:_identify(.) by extension 'python'
[0.393s] Level 1:colcon.colcon_core.package_identification:_identify(.) by extensions ['python_setup_py']
[0.393s] Level 1:colcon.colcon_core.package_identification:_identify(.) by extension 'python_setup_py'
[0.393s] Level 1:colcon.colcon_core.package_identification:_identify(build) by extensions ['ignore', 'ignore_ament_install']
[0.393s] Level 1:colcon.colcon_core.package_identification:_identify(build) by extension 'ignore'
[0.394s] Level 1:colcon.colcon_core.package_identification:_identify(build) ignored
[0.394s] Level 1:colcon.colcon_core.package_identification:_identify(car) by extensions ['ignore', 'ignore_ament_install']
[0.394s] Level 1:colcon.colcon_core.package_identification:_identify(car) by extension 'ignore'
[0.394s] Level 1:colcon.colcon_core.package_identification:_identify(car) by extension 'ignore_ament_install'
[0.394s] Level 1:colcon.colcon_core.package_identification:_identify(car) by extensions ['colcon_pkg']
[0.394s] Level 1:colcon.colcon_core.package_identification:_identify(car) by extension 'colcon_pkg'
[0.394s] Level 1:colcon.colcon_core.package_identification:_identify(car) by extensions ['colcon_meta']
[0.394s] Level 1:colcon.colcon_core.package_identification:_identify(car) by extension 'colcon_meta'
[0.394s] Level 1:colcon.colcon_core.package_identification:_identify(car) by extensions ['ros']
[0.394s] Level 1:colcon.colcon_core.package_identification:_identify(car) by extension 'ros'
[0.394s] Level 1:colcon.colcon_core.package_identification:_identify(car) by extensions ['cmake', 'python']
[0.394s] Level 1:colcon.colcon_core.package_identification:_identify(car) by extension 'cmake'
[0.394s] Level 1:colcon.colcon_core.package_identification:_identify(car) by extension 'python'
[0.394s] Level 1:colcon.colcon_core.package_identification:_identify(car) by extensions ['python_setup_py']
[0.394s] Level 1:colcon.colcon_core.package_identification:_identify(car) by extension 'python_setup_py'
[0.394s] Level 1:colcon.colcon_core.package_identification:_identify(environment) by extensions ['ignore', 'ignore_ament_install']
[0.395s] Level 1:colcon.colcon_core.package_identification:_identify(environment) by extension 'ignore'
[0.395s] Level 1:colcon.colcon_core.package_identification:_identify(environment) by extension 'ignore_ament_install'
[0.395s] Level 1:colcon.colcon_core.package_identification:_identify(environment) by extensions ['colcon_pkg']
[0.395s] Level 1:colcon.colcon_core.package_identification:_identify(environment) by extension 'colcon_pkg'
[0.395s] Level 1:colcon.colcon_core.package_identification:_identify(environment) by extensions ['colcon_meta']
[0.395s] Level 1:colcon.colcon_core.package_identification:_identify(environment) by extension 'colcon_meta'
[0.395s] Level 1:colcon.colcon_core.package_identification:_identify(environment) by extensions ['ros']
[0.395s] Level 1:colcon.colcon_core.package_identification:_identify(environment) by extension 'ros'
[0.395s] Level 1:colcon.colcon_core.package_identification:_identify(environment) by extensions ['cmake', 'python']
[0.395s] Level 1:colcon.colcon_core.package_identification:_identify(environment) by extension 'cmake'
[0.395s] Level 1:colcon.colcon_core.package_identification:_identify(environment) by extension 'python'
[0.395s] Level 1:colcon.colcon_core.package_identification:_identify(environment) by extensions ['python_setup_py']
[0.395s] Level 1:colcon.colcon_core.package_identification:_identify(environment) by extension 'python_setup_py'
[0.395s] Level 1:colcon.colcon_core.package_identification:_identify(environment/__pycache__) by extensions ['ignore', 'ignore_ament_install']
[0.395s] Level 1:colcon.colcon_core.package_identification:_identify(environment/__pycache__) by extension 'ignore'
[0.395s] Level 1:colcon.colcon_core.package_identification:_identify(environment/__pycache__) by extension 'ignore_ament_install'
[0.395s] Level 1:colcon.colcon_core.package_identification:_identify(environment/__pycache__) by extensions ['colcon_pkg']
[0.396s] Level 1:colcon.colcon_core.package_identification:_identify(environment/__pycache__) by extension 'colcon_pkg'
[0.396s] Level 1:colcon.colcon_core.package_identification:_identify(environment/__pycache__) by extensions ['colcon_meta']
[0.396s] Level 1:colcon.colcon_core.package_identification:_identify(environment/__pycache__) by extension 'colcon_meta'
[0.396s] Level 1:colcon.colcon_core.package_identification:_identify(environment/__pycache__) by extensions ['ros']
[0.396s] Level 1:colcon.colcon_core.package_identification:_identify(environment/__pycache__) by extension 'ros'
[0.396s] Level 1:colcon.colcon_core.package_identification:_identify(environment/__pycache__) by extensions ['cmake', 'python']
[0.396s] Level 1:colcon.colcon_core.package_identification:_identify(environment/__pycache__) by extension 'cmake'
[0.396s] Level 1:colcon.colcon_core.package_identification:_identify(environment/__pycache__) by extension 'python'
[0.396s] Level 1:colcon.colcon_core.package_identification:_identify(environment/__pycache__) by extensions ['python_setup_py']
[0.396s] Level 1:colcon.colcon_core.package_identification:_identify(environment/__pycache__) by extension 'python_setup_py'
[0.396s] Level 1:colcon.colcon_core.package_identification:_identify(install) by extensions ['ignore', 'ignore_ament_install']
[0.396s] Level 1:colcon.colcon_core.package_identification:_identify(install) by extension 'ignore'
[0.396s] Level 1:colcon.colcon_core.package_identification:_identify(install) ignored
[0.397s] Level 1:colcon.colcon_core.package_identification:_identify(log) by extensions ['ignore', 'ignore_ament_install']
[0.397s] Level 1:colcon.colcon_core.package_identification:_identify(log) by extension 'ignore'
[0.397s] Level 1:colcon.colcon_core.package_identification:_identify(log) ignored
[0.397s] Level 1:colcon.colcon_core.package_identification:_identify(src) by extensions ['ignore', 'ignore_ament_install']
[0.397s] Level 1:colcon.colcon_core.package_identification:_identify(src) by extension 'ignore'
[0.397s] Level 1:colcon.colcon_core.package_identification:_identify(src) by extension 'ignore_ament_install'
[0.397s] Level 1:colcon.colcon_core.package_identification:_identify(src) by extensions ['colcon_pkg']
[0.397s] Level 1:colcon.colcon_core.package_identification:_identify(src) by extension 'colcon_pkg'
[0.397s] Level 1:colcon.colcon_core.package_identification:_identify(src) by extensions ['colcon_meta']
[0.397s] Level 1:colcon.colcon_core.package_identification:_identify(src) by extension 'colcon_meta'
[0.397s] Level 1:colcon.colcon_core.package_identification:_identify(src) by extensions ['ros']
[0.397s] Level 1:colcon.colcon_core.package_identification:_identify(src) by extension 'ros'
[0.397s] Level 1:colcon.colcon_core.package_identification:_identify(src) by extensions ['cmake', 'python']
[0.397s] Level 1:colcon.colcon_core.package_identification:_identify(src) by extension 'cmake'
[0.397s] Level 1:colcon.colcon_core.package_identification:_identify(src) by extension 'python'
[0.397s] Level 1:colcon.colcon_core.package_identification:_identify(src) by extensions ['python_setup_py']
[0.397s] Level 1:colcon.colcon_core.package_identification:_identify(src) by extension 'python_setup_py'
[0.398s] Level 1:colcon.colcon_core.package_identification:_identify(src/eci) by extensions ['ignore', 'ignore_ament_install']
[0.398s] Level 1:colcon.colcon_core.package_identification:_identify(src/eci) by extension 'ignore'
[0.398s] Level 1:colcon.colcon_core.package_identification:_identify(src/eci) by extension 'ignore_ament_install'
[0.398s] Level 1:colcon.colcon_core.package_identification:_identify(src/eci) by extensions ['colcon_pkg']
[0.398s] Level 1:colcon.colcon_core.package_identification:_identify(src/eci) by extension 'colcon_pkg'
[0.398s] Level 1:colcon.colcon_core.package_identification:_identify(src/eci) by extensions ['colcon_meta']
[0.398s] Level 1:colcon.colcon_core.package_identification:_identify(src/eci) by extension 'colcon_meta'
[0.398s] Level 1:colcon.colcon_core.package_identification:_identify(src/eci) by extensions ['ros']
[0.398s] Level 1:colcon.colcon_core.package_identification:_identify(src/eci) by extension 'ros'
[0.401s] DEBUG:colcon.colcon_core.package_identification:Package 'src/eci' with type 'ros.ament_cmake' and name 'eci'
[0.401s] Level 1:colcon.colcon_core.package_identification:_identify(src/map2_navigation) by extensions ['ignore', 'ignore_ament_install']
[0.401s] Level 1:colcon.colcon_core.package_identification:_identify(src/map2_navigation) by extension 'ignore'
[0.401s] Level 1:colcon.colcon_core.package_identification:_identify(src/map2_navigation) by extension 'ignore_ament_install'
[0.401s] Level 1:colcon.colcon_core.package_identification:_identify(src/map2_navigation) by extensions ['colcon_pkg']
[0.401s] Level 1:colcon.colcon_core.package_identification:_identify(src/map2_navigation) by extension 'colcon_pkg'
[0.401s] Level 1:colcon.colcon_core.package_identification:_identify(src/map2_navigation) by extensions ['colcon_meta']
[0.401s] Level 1:colcon.colcon_core.package_identification:_identify(src/map2_navigation) by extension 'colcon_meta'
[0.401s] Level 1:colcon.colcon_core.package_identification:_identify(src/map2_navigation) by extensions ['ros']
[0.401s] Level 1:colcon.colcon_core.package_identification:_identify(src/map2_navigation) by extension 'ros'
[0.402s] DEBUG:colcon.colcon_core.package_identification:Package 'src/map2_navigation' with type 'ros.ament_cmake' and name 'map2_navigation'
[0.402s] Level 1:colcon.colcon_core.package_discovery:discover_packages(recursive) using defaults
[0.402s] Level 1:colcon.colcon_core.package_discovery:discover_packages(ignore) discover
[0.402s] Level 1:colcon.colcon_core.package_discovery:discover_packages(ignore) using defaults
[0.402s] Level 1:colcon.colcon_core.package_discovery:discover_packages(path) discover
[0.402s] Level 1:colcon.colcon_core.package_discovery:discover_packages(path) using defaults
[0.424s] Level 1:colcon.colcon_core.package_discovery:discover_packages(prefix_path) check parameters
[0.424s] Level 1:colcon.colcon_core.package_discovery:discover_packages(prefix_path) discover
[0.428s] DEBUG:colcon.colcon_installed_package_information.package_discovery:Found 2 installed packages in /root/enav/install
[0.429s] DEBUG:colcon.colcon_installed_package_information.package_discovery:Found 14 installed packages in /root/IsaacSim-ros_workspaces/humble_ws/install
[0.431s] DEBUG:colcon.colcon_installed_package_information.package_discovery:Found 405 installed packages in /opt/ros/humble
[0.433s] Level 1:colcon.colcon_core.package_discovery:discover_packages(prefix_path) using defaults
[0.505s] Level 5:colcon.colcon_core.verb:set package 'eci' build argument 'cmake_args' from command line to 'None'
[0.505s] Level 5:colcon.colcon_core.verb:set package 'eci' build argument 'cmake_target' from command line to 'None'
[0.505s] Level 5:colcon.colcon_core.verb:set package 'eci' build argument 'cmake_target_skip_unavailable' from command line to 'False'
[0.505s] Level 5:colcon.colcon_core.verb:set package 'eci' build argument 'cmake_clean_cache' from command line to 'False'
[0.505s] Level 5:colcon.colcon_core.verb:set package 'eci' build argument 'cmake_clean_first' from command line to 'False'
[0.505s] Level 5:colcon.colcon_core.verb:set package 'eci' build argument 'cmake_force_configure' from command line to 'False'
[0.505s] Level 5:colcon.colcon_core.verb:set package 'eci' build argument 'ament_cmake_args' from command line to 'None'
[0.505s] Level 5:colcon.colcon_core.verb:set package 'eci' build argument 'catkin_cmake_args' from command line to 'None'
[0.505s] Level 5:colcon.colcon_core.verb:set package 'eci' build argument 'catkin_skip_building_tests' from command line to 'False'
[0.505s] DEBUG:colcon.colcon_core.verb:Building package 'eci' with the following arguments: {'ament_cmake_args': None, 'build_base': '/root/enav/build/eci', 'catkin_cmake_args': None, 'catkin_skip_building_tests': False, 'cmake_args': None, 'cmake_clean_cache': False, 'cmake_clean_first': False, 'cmake_force_configure': False, 'cmake_target': None, 'cmake_target_skip_unavailable': False, 'install_base': '/root/enav/install/eci', 'merge_install': False, 'path': '/root/enav/src/eci', 'symlink_install': False, 'test_result_base': None}
[0.505s] Level 5:colcon.colcon_core.verb:set package 'map2_navigation' build argument 'cmake_args' from command line to 'None'
[0.505s] Level 5:colcon.colcon_core.verb:set package 'map2_navigation' build argument 'cmake_target' from command line to 'None'
[0.506s] Level 5:colcon.colcon_core.verb:set package 'map2_navigation' build argument 'cmake_target_skip_unavailable' from command line to 'False'
[0.506s] Level 5:colcon.colcon_core.verb:set package 'map2_navigation' build argument 'cmake_clean_cache' from command line to 'False'
[0.506s] Level 5:colcon.colcon_core.verb:set package 'map2_navigation' build argument 'cmake_clean_first' from command line to 'False'
[0.506s] Level 5:colcon.colcon_core.verb:set package 'map2_navigation' build argument 'cmake_force_configure' from command line to 'False'
[0.506s] Level 5:colcon.colcon_core.verb:set package 'map2_navigation' build argument 'ament_cmake_args' from command line to 'None'
[0.506s] Level 5:colcon.colcon_core.verb:set package 'map2_navigation' build argument 'catkin_cmake_args' from command line to 'None'
[0.506s] Level 5:colcon.colcon_core.verb:set package 'map2_navigation' build argument 'catkin_skip_building_tests' from command line to 'False'
[0.506s] DEBUG:colcon.colcon_core.verb:Building package 'map2_navigation' with the following arguments: {'ament_cmake_args': None, 'build_base': '/root/enav/build/map2_navigation', 'catkin_cmake_args': None, 'catkin_skip_building_tests': False, 'cmake_args': None, 'cmake_clean_cache': False, 'cmake_clean_first': False, 'cmake_force_configure': False, 'cmake_target': None, 'cmake_target_skip_unavailable': False, 'install_base': '/root/enav/install/map2_navigation', 'merge_install': False, 'path': '/root/enav/src/map2_navigation', 'symlink_install': False, 'test_result_base': None}
[0.506s] INFO:colcon.colcon_core.executor:Executing jobs using 'parallel' executor
[0.507s] DEBUG:colcon.colcon_parallel_executor.executor.parallel:run_until_complete
[0.507s] INFO:colcon.colcon_ros.task.ament_cmake.build:Building ROS package in '/root/enav/src/eci' with build type 'ament_cmake'
[0.507s] INFO:colcon.colcon_cmake.task.cmake.build:Building CMake package in '/root/enav/src/eci'
[0.510s] INFO:colcon.colcon_core.plugin_system:Skipping extension 'colcon_core.shell.bat': Not used on non-Windows systems
[0.510s] INFO:colcon.colcon_core.shell:Skip shell extension 'powershell' for command environment: Not usable outside of PowerShell
[0.510s] DEBUG:colcon.colcon_core.shell:Skip shell extension 'dsv' for command environment
[0.517s] INFO:colcon.colcon_ros.task.ament_cmake.build:Building ROS package in '/root/enav/src/map2_navigation' with build type 'ament_cmake'
[0.517s] INFO:colcon.colcon_cmake.task.cmake.build:Building CMake package in '/root/enav/src/map2_navigation'
[0.517s] INFO:colcon.colcon_core.shell:Skip shell extension 'powershell' for command environment: Not usable outside of PowerShell
[0.518s] DEBUG:colcon.colcon_core.shell:Skip shell extension 'dsv' for command environment
[0.530s] DEBUG:colcon.colcon_core.event_handler.log_command:Invoking command in '/root/enav/build/eci': CMAKE_PREFIX_PATH=${CMAKE_PREFIX_PATH}:/root/IsaacSim-ros_workspaces/humble_ws/install/isaac_ros_navigation_goal:/opt/ros/humble /usr/bin/cmake --build /root/enav/build/eci -- -j128 -l128
[0.533s] DEBUG:colcon.colcon_core.event_handler.log_command:Invoking command in '/root/enav/build/map2_navigation': CMAKE_PREFIX_PATH=${CMAKE_PREFIX_PATH}:/root/IsaacSim-ros_workspaces/humble_ws/install/isaac_ros_navigation_goal:/opt/ros/humble /usr/bin/cmake --build /root/enav/build/map2_navigation -- -j128 -l128
[0.573s] DEBUG:colcon.colcon_core.event_handler.log_command:Invoked command in '/root/enav/build/eci' returned '0': CMAKE_PREFIX_PATH=${CMAKE_PREFIX_PATH}:/root/IsaacSim-ros_workspaces/humble_ws/install/isaac_ros_navigation_goal:/opt/ros/humble /usr/bin/cmake --build /root/enav/build/eci -- -j128 -l128
[0.585s] DEBUG:colcon.colcon_core.event_handler.log_command:Invoking command in '/root/enav/build/eci': CMAKE_PREFIX_PATH=${CMAKE_PREFIX_PATH}:/root/IsaacSim-ros_workspaces/humble_ws/install/isaac_ros_navigation_goal:/opt/ros/humble /usr/bin/cmake --install /root/enav/build/eci
[0.586s] DEBUG:colcon.colcon_core.event_handler.log_command:Invoked command in '/root/enav/build/map2_navigation' returned '0': CMAKE_PREFIX_PATH=${CMAKE_PREFIX_PATH}:/root/IsaacSim-ros_workspaces/humble_ws/install/isaac_ros_navigation_goal:/opt/ros/humble /usr/bin/cmake --build /root/enav/build/map2_navigation -- -j128 -l128
[0.588s] DEBUG:colcon.colcon_core.event_handler.log_command:Invoking command in '/root/enav/build/map2_navigation': CMAKE_PREFIX_PATH=${CMAKE_PREFIX_PATH}:/root/IsaacSim-ros_workspaces/humble_ws/install/isaac_ros_navigation_goal:/opt/ros/humble /usr/bin/cmake --install /root/enav/build/map2_navigation
[0.598s] Level 1:colcon.colcon_core.environment:create_environment_scripts_only(eci)
[0.603s] Level 1:colcon.colcon_core.environment:checking '/root/enav/install/eci' for CMake module files
[0.604s] DEBUG:colcon.colcon_core.event_handler.log_command:Invoked command in '/root/enav/build/eci' returned '0': CMAKE_PREFIX_PATH=${CMAKE_PREFIX_PATH}:/root/IsaacSim-ros_workspaces/humble_ws/install/isaac_ros_navigation_goal:/opt/ros/humble /usr/bin/cmake --install /root/enav/build/eci
[0.605s] Level 1:colcon.colcon_core.environment:checking '/root/enav/install/eci' for CMake config files
[0.606s] Level 1:colcon.colcon_core.shell:create_environment_hook('eci', 'cmake_prefix_path')
[0.606s] INFO:colcon.colcon_core.shell:Creating environment hook '/root/enav/install/eci/share/eci/hook/cmake_prefix_path.ps1'
[0.607s] INFO:colcon.colcon_core.shell:Creating environment descriptor '/root/enav/install/eci/share/eci/hook/cmake_prefix_path.dsv'
[0.608s] INFO:colcon.colcon_core.shell:Creating environment hook '/root/enav/install/eci/share/eci/hook/cmake_prefix_path.sh'
[0.609s] Level 1:colcon.colcon_core.environment:checking '/root/enav/install/eci/lib'
[0.609s] Level 1:colcon.colcon_core.environment:checking '/root/enav/install/eci/bin'
[0.609s] Level 1:colcon.colcon_core.environment:checking '/root/enav/install/eci/lib/pkgconfig/eci.pc'
[0.609s] Level 1:colcon.colcon_core.environment:checking '/root/enav/install/eci/lib/python3.10/site-packages'
[0.610s] Level 1:colcon.colcon_core.environment:checking '/root/enav/install/eci/bin'
[0.610s] INFO:colcon.colcon_core.shell:Creating package script '/root/enav/install/eci/share/eci/package.ps1'
[0.611s] INFO:colcon.colcon_core.shell:Creating package descriptor '/root/enav/install/eci/share/eci/package.dsv'
[0.612s] INFO:colcon.colcon_core.shell:Creating package script '/root/enav/install/eci/share/eci/package.sh'
[0.612s] INFO:colcon.colcon_core.shell:Creating package script '/root/enav/install/eci/share/eci/package.bash'
[0.613s] INFO:colcon.colcon_core.shell:Creating package script '/root/enav/install/eci/share/eci/package.zsh'
[0.614s] Level 1:colcon.colcon_core.environment:create_file_with_runtime_dependencies(/root/enav/install/eci/share/colcon-core/packages/eci)
[0.615s] Level 1:colcon.colcon_core.environment:create_environment_scripts_only(eci)
[0.615s] Level 1:colcon.colcon_core.environment:checking '/root/enav/install/eci' for CMake module files
[0.615s] Level 1:colcon.colcon_core.environment:checking '/root/enav/install/eci' for CMake config files
[0.616s] Level 1:colcon.colcon_core.shell:create_environment_hook('eci', 'cmake_prefix_path')
[0.616s] INFO:colcon.colcon_core.shell:Creating environment hook '/root/enav/install/eci/share/eci/hook/cmake_prefix_path.ps1'
[0.616s] INFO:colcon.colcon_core.shell:Creating environment descriptor '/root/enav/install/eci/share/eci/hook/cmake_prefix_path.dsv'
[0.617s] INFO:colcon.colcon_core.shell:Creating environment hook '/root/enav/install/eci/share/eci/hook/cmake_prefix_path.sh'
[0.618s] Level 1:colcon.colcon_core.environment:checking '/root/enav/install/eci/lib'
[0.618s] Level 1:colcon.colcon_core.environment:checking '/root/enav/install/eci/bin'
[0.618s] Level 1:colcon.colcon_core.environment:checking '/root/enav/install/eci/lib/pkgconfig/eci.pc'
[0.618s] Level 1:colcon.colcon_core.environment:checking '/root/enav/install/eci/lib/python3.10/site-packages'
[0.618s] Level 1:colcon.colcon_core.environment:checking '/root/enav/install/eci/bin'
[0.619s] INFO:colcon.colcon_core.shell:Creating package script '/root/enav/install/eci/share/eci/package.ps1'
[0.619s] INFO:colcon.colcon_core.shell:Creating package descriptor '/root/enav/install/eci/share/eci/package.dsv'
[0.620s] INFO:colcon.colcon_core.shell:Creating package script '/root/enav/install/eci/share/eci/package.sh'
[0.620s] INFO:colcon.colcon_core.shell:Creating package script '/root/enav/install/eci/share/eci/package.bash'
[0.621s] INFO:colcon.colcon_core.shell:Creating package script '/root/enav/install/eci/share/eci/package.zsh'
[0.621s] Level 1:colcon.colcon_core.environment:create_file_with_runtime_dependencies(/root/enav/install/eci/share/colcon-core/packages/eci)
[0.622s] Level 1:colcon.colcon_core.environment:create_environment_scripts_only(map2_navigation)
[0.623s] Level 1:colcon.colcon_core.environment:checking '/root/enav/install/map2_navigation' for CMake module files
[0.624s] DEBUG:colcon.colcon_core.event_handler.log_command:Invoked command in '/root/enav/build/map2_navigation' returned '0': CMAKE_PREFIX_PATH=${CMAKE_PREFIX_PATH}:/root/IsaacSim-ros_workspaces/humble_ws/install/isaac_ros_navigation_goal:/opt/ros/humble /usr/bin/cmake --install /root/enav/build/map2_navigation
[0.624s] Level 1:colcon.colcon_core.environment:checking '/root/enav/install/map2_navigation' for CMake config files
[0.624s] Level 1:colcon.colcon_core.shell:create_environment_hook('map2_navigation', 'cmake_prefix_path')
[0.624s] INFO:colcon.colcon_core.shell:Creating environment hook '/root/enav/install/map2_navigation/share/map2_navigation/hook/cmake_prefix_path.ps1'
[0.625s] INFO:colcon.colcon_core.shell:Creating environment descriptor '/root/enav/install/map2_navigation/share/map2_navigation/hook/cmake_prefix_path.dsv'
[0.626s] INFO:colcon.colcon_core.shell:Creating environment hook '/root/enav/install/map2_navigation/share/map2_navigation/hook/cmake_prefix_path.sh'
[0.626s] Level 1:colcon.colcon_core.environment:checking '/root/enav/install/map2_navigation/lib'
[0.627s] Level 1:colcon.colcon_core.environment:checking '/root/enav/install/map2_navigation/bin'
[0.627s] Level 1:colcon.colcon_core.environment:checking '/root/enav/install/map2_navigation/lib/pkgconfig/map2_navigation.pc'
[0.627s] Level 1:colcon.colcon_core.environment:checking '/root/enav/install/map2_navigation/lib/python3.10/site-packages'
[0.627s] Level 1:colcon.colcon_core.environment:checking '/root/enav/install/map2_navigation/bin'
[0.628s] INFO:colcon.colcon_core.shell:Creating package script '/root/enav/install/map2_navigation/share/map2_navigation/package.ps1'
[0.628s] INFO:colcon.colcon_core.shell:Creating package descriptor '/root/enav/install/map2_navigation/share/map2_navigation/package.dsv'
[0.629s] INFO:colcon.colcon_core.shell:Creating package script '/root/enav/install/map2_navigation/share/map2_navigation/package.sh'
[0.629s] INFO:colcon.colcon_core.shell:Creating package script '/root/enav/install/map2_navigation/share/map2_navigation/package.bash'
[0.630s] INFO:colcon.colcon_core.shell:Creating package script '/root/enav/install/map2_navigation/share/map2_navigation/package.zsh'
[0.630s] Level 1:colcon.colcon_core.environment:create_file_with_runtime_dependencies(/root/enav/install/map2_navigation/share/colcon-core/packages/map2_navigation)
[0.631s] Level 1:colcon.colcon_core.environment:create_environment_scripts_only(map2_navigation)
[0.631s] Level 1:colcon.colcon_core.environment:checking '/root/enav/install/map2_navigation' for CMake module files
[0.632s] Level 1:colcon.colcon_core.environment:checking '/root/enav/install/map2_navigation' for CMake config files
[0.632s] Level 1:colcon.colcon_core.shell:create_environment_hook('map2_navigation', 'cmake_prefix_path')
[0.632s] INFO:colcon.colcon_core.shell:Creating environment hook '/root/enav/install/map2_navigation/share/map2_navigation/hook/cmake_prefix_path.ps1'
[0.632s] INFO:colcon.colcon_core.shell:Creating environment descriptor '/root/enav/install/map2_navigation/share/map2_navigation/hook/cmake_prefix_path.dsv'
[0.633s] INFO:colcon.colcon_core.shell:Creating environment hook '/root/enav/install/map2_navigation/share/map2_navigation/hook/cmake_prefix_path.sh'
[0.634s] Level 1:colcon.colcon_core.environment:checking '/root/enav/install/map2_navigation/lib'
[0.634s] Level 1:colcon.colcon_core.environment:checking '/root/enav/install/map2_navigation/bin'
[0.634s] Level 1:colcon.colcon_core.environment:checking '/root/enav/install/map2_navigation/lib/pkgconfig/map2_navigation.pc'
[0.634s] Level 1:colcon.colcon_core.environment:checking '/root/enav/install/map2_navigation/lib/python3.10/site-packages'
[0.634s] Level 1:colcon.colcon_core.environment:checking '/root/enav/install/map2_navigation/bin'
[0.635s] INFO:colcon.colcon_core.shell:Creating package script '/root/enav/install/map2_navigation/share/map2_navigation/package.ps1'
[0.635s] INFO:colcon.colcon_core.shell:Creating package descriptor '/root/enav/install/map2_navigation/share/map2_navigation/package.dsv'
[0.636s] INFO:colcon.colcon_core.shell:Creating package script '/root/enav/install/map2_navigation/share/map2_navigation/package.sh'
[0.636s] INFO:colcon.colcon_core.shell:Creating package script '/root/enav/install/map2_navigation/share/map2_navigation/package.bash'
[0.637s] INFO:colcon.colcon_core.shell:Creating package script '/root/enav/install/map2_navigation/share/map2_navigation/package.zsh'
[0.637s] Level 1:colcon.colcon_core.environment:create_file_with_runtime_dependencies(/root/enav/install/map2_navigation/share/colcon-core/packages/map2_navigation)
[0.638s] DEBUG:colcon.colcon_parallel_executor.executor.parallel:closing loop
[0.638s] DEBUG:colcon.colcon_parallel_executor.executor.parallel:loop closed
[0.638s] DEBUG:colcon.colcon_parallel_executor.executor.parallel:run_until_complete finished with '0'
[0.638s] DEBUG:colcon.colcon_core.event_reactor:joining thread
[0.645s] INFO:colcon.colcon_core.plugin_system:Skipping extension 'colcon_notification.desktop_notification.terminal_notifier': Not used on non-Darwin systems
[0.645s] INFO:colcon.colcon_core.plugin_system:Skipping extension 'colcon_notification.desktop_notification.win32': Not used on non-Windows systems
[0.645s] INFO:colcon.colcon_notification.desktop_notification:Sending desktop notification using 'notify2'
[0.655s] DEBUG:colcon.colcon_core.event_reactor:joined thread
[0.656s] INFO:colcon.colcon_core.shell:Creating prefix script '/root/enav/install/local_setup.ps1'
[0.657s] INFO:colcon.colcon_core.shell:Creating prefix util module '/root/enav/install/_local_setup_util_ps1.py'
[0.659s] INFO:colcon.colcon_core.shell:Creating prefix chain script '/root/enav/install/setup.ps1'
[0.662s] INFO:colcon.colcon_core.shell:Creating prefix script '/root/enav/install/local_setup.sh'
[0.662s] INFO:colcon.colcon_core.shell:Creating prefix util module '/root/enav/install/_local_setup_util_sh.py'
[0.663s] INFO:colcon.colcon_core.shell:Creating prefix chain script '/root/enav/install/setup.sh'
[0.666s] INFO:colcon.colcon_core.shell:Creating prefix script '/root/enav/install/local_setup.bash'
[0.667s] INFO:colcon.colcon_core.shell:Creating prefix chain script '/root/enav/install/setup.bash'
[0.670s] INFO:colcon.colcon_core.shell:Creating prefix script '/root/enav/install/local_setup.zsh'
[0.670s] INFO:colcon.colcon_core.shell:Creating prefix chain script '/root/enav/install/setup.zsh'
