[0.020s] Invoking command in '/root/enav/build/eci': CMAKE_PREFIX_PATH=${CMAKE_PREFIX_PATH}:/root/IsaacSim-ros_workspaces/humble_ws/install/isaac_ros_navigation_goal:/opt/ros/humble /usr/bin/cmake /root/enav/src/eci -DCMAKE_INSTALL_PREFIX=/root/enav/install/eci
[0.090s] -- The C compiler identification is GNU 11.4.0
[0.162s] -- The CXX compiler identification is GNU 11.4.0
[0.172s] -- Detecting C compiler ABI info
[0.399s] -- Detecting C compiler ABI info - done
[0.406s] -- Check for working C compiler: /usr/bin/cc - skipped
[0.407s] -- Detecting C compile features
[0.407s] -- Detecting C compile features - done
[0.411s] -- Detecting CXX compiler ABI info
[0.563s] -- Detecting CXX compiler ABI info - done
[0.571s] -- Check for working CXX compiler: /usr/bin/c++ - skipped
[0.571s] -- Detecting CXX compile features
[0.572s] -- Detecting CXX compile features - done
[0.578s] -- Found ament_cmake: 1.3.12 (/opt/ros/humble/share/ament_cmake/cmake)
[0.751s] -- Found Python3: /usr/bin/python3 (found version "3.10.12") found components: Interpreter 
[0.893s] -- Found ament_lint_auto: 0.12.14 (/opt/ros/humble/share/ament_lint_auto/cmake)
[1.001s] -- Added test 'flake8' to check Python code syntax and style conventions
[1.002s] -- Added test 'lint_cmake' to check CMake code style
[1.003s] -- Added test 'pep257' to check Python code against some of the docstring style conventions in PEP 257
[1.005s] -- Added test 'xmllint' to check XML markup files
[1.009s] -- Configuring done
[1.019s] -- Generating done
[1.024s] -- Build files have been written to: /root/enav/build/eci
[1.031s] Invoked command in '/root/enav/build/eci' returned '0': CMAKE_PREFIX_PATH=${CMAKE_PREFIX_PATH}:/root/IsaacSim-ros_workspaces/humble_ws/install/isaac_ros_navigation_goal:/opt/ros/humble /usr/bin/cmake /root/enav/src/eci -DCMAKE_INSTALL_PREFIX=/root/enav/install/eci
[1.032s] Invoking command in '/root/enav/build/eci': CMAKE_PREFIX_PATH=${CMAKE_PREFIX_PATH}:/root/IsaacSim-ros_workspaces/humble_ws/install/isaac_ros_navigation_goal:/opt/ros/humble /usr/bin/cmake --build /root/enav/build/eci -- -j128 -l128
[1.076s] Invoked command in '/root/enav/build/eci' returned '0': CMAKE_PREFIX_PATH=${CMAKE_PREFIX_PATH}:/root/IsaacSim-ros_workspaces/humble_ws/install/isaac_ros_navigation_goal:/opt/ros/humble /usr/bin/cmake --build /root/enav/build/eci -- -j128 -l128
[1.077s] Invoking command in '/root/enav/build/eci': CMAKE_PREFIX_PATH=${CMAKE_PREFIX_PATH}:/root/IsaacSim-ros_workspaces/humble_ws/install/isaac_ros_navigation_goal:/opt/ros/humble /usr/bin/cmake --install /root/enav/build/eci
[1.086s] -- Install configuration: ""
[1.086s] -- Installing: /root/enav/install/eci/lib/eci/eci_node.py
[1.087s] -- Installing: /root/enav/install/eci/share/ament_index/resource_index/package_run_dependencies/eci
[1.088s] -- Installing: /root/enav/install/eci/share/ament_index/resource_index/parent_prefix_path/eci
[1.089s] -- Installing: /root/enav/install/eci/share/eci/environment/ament_prefix_path.sh
[1.089s] -- Installing: /root/enav/install/eci/share/eci/environment/ament_prefix_path.dsv
[1.089s] -- Installing: /root/enav/install/eci/share/eci/environment/path.sh
[1.090s] -- Installing: /root/enav/install/eci/share/eci/environment/path.dsv
[1.090s] -- Installing: /root/enav/install/eci/share/eci/local_setup.bash
[1.091s] -- Installing: /root/enav/install/eci/share/eci/local_setup.sh
[1.091s] -- Installing: /root/enav/install/eci/share/eci/local_setup.zsh
[1.091s] -- Installing: /root/enav/install/eci/share/eci/local_setup.dsv
[1.092s] -- Installing: /root/enav/install/eci/share/eci/package.dsv
[1.093s] -- Installing: /root/enav/install/eci/share/ament_index/resource_index/packages/eci
[1.093s] -- Installing: /root/enav/install/eci/share/eci/cmake/eciConfig.cmake
[1.094s] -- Installing: /root/enav/install/eci/share/eci/cmake/eciConfig-version.cmake
[1.094s] -- Installing: /root/enav/install/eci/share/eci/package.xml
[1.096s] Invoked command in '/root/enav/build/eci' returned '0': CMAKE_PREFIX_PATH=${CMAKE_PREFIX_PATH}:/root/IsaacSim-ros_workspaces/humble_ws/install/isaac_ros_navigation_goal:/opt/ros/humble /usr/bin/cmake --install /root/enav/build/eci
