-- Install configuration: ""
-- Up-to-date: /root/enav/install/map2_navigation/lib/map2_navigation/twist_to_ackermann.py
-- Up-to-date: /root/enav/install/map2_navigation/share/map2_navigation/launch
-- Up-to-date: /root/enav/install/map2_navigation/share/map2_navigation/launch/map2_navigation.launch.py
-- Up-to-date: /root/enav/install/map2_navigation/share/map2_navigation/launch/__pycache__
-- Installing: /root/enav/install/map2_navigation/share/map2_navigation/launch/__pycache__/map2_navigation.launch.cpython-310.pyc
-- Up-to-date: /root/enav/install/map2_navigation/share/map2_navigation/params
-- Up-to-date: /root/enav/install/map2_navigation/share/map2_navigation/params/nav2_params.yaml
-- Up-to-date: /root/enav/install/map2_navigation/share/map2_navigation/maps
-- Up-to-date: /root/enav/install/map2_navigation/share/map2_navigation/maps/map_2.yaml
-- Up-to-date: /root/enav/install/map2_navigation/share/map2_navigation/maps/map_2.png
-- Up-to-date: /root/enav/install/map2_navigation/share/ament_index/resource_index/package_run_dependencies/map2_navigation
-- Up-to-date: /root/enav/install/map2_navigation/share/ament_index/resource_index/parent_prefix_path/map2_navigation
-- Up-to-date: /root/enav/install/map2_navigation/share/map2_navigation/environment/ament_prefix_path.sh
-- Up-to-date: /root/enav/install/map2_navigation/share/map2_navigation/environment/ament_prefix_path.dsv
-- Up-to-date: /root/enav/install/map2_navigation/share/map2_navigation/environment/path.sh
-- Up-to-date: /root/enav/install/map2_navigation/share/map2_navigation/environment/path.dsv
-- Up-to-date: /root/enav/install/map2_navigation/share/map2_navigation/local_setup.bash
-- Up-to-date: /root/enav/install/map2_navigation/share/map2_navigation/local_setup.sh
-- Up-to-date: /root/enav/install/map2_navigation/share/map2_navigation/local_setup.zsh
-- Up-to-date: /root/enav/install/map2_navigation/share/map2_navigation/local_setup.dsv
-- Installing: /root/enav/install/map2_navigation/share/map2_navigation/package.dsv
-- Up-to-date: /root/enav/install/map2_navigation/share/ament_index/resource_index/packages/map2_navigation
-- Up-to-date: /root/enav/install/map2_navigation/share/map2_navigation/cmake/map2_navigationConfig.cmake
-- Up-to-date: /root/enav/install/map2_navigation/share/map2_navigation/cmake/map2_navigationConfig-version.cmake
-- Up-to-date: /root/enav/install/map2_navigation/share/map2_navigation/package.xml
