[0.014s] Invoking command in '/root/map2_navigation/build/map2_navigation': CMAKE_PREFIX_PATH=${CMAKE_PREFIX_PATH}:/root/IsaacSim-ros_workspaces/humble_ws/install/isaac_ros_navigation_goal:/opt/ros/humble /usr/bin/cmake /root/map2_navigation -DCMAKE_INSTALL_PREFIX=/root/map2_navigation/install/map2_navigation
[0.083s] -- The C compiler identification is GNU 11.4.0
[0.151s] -- The CXX compiler identification is GNU 11.4.0
[0.161s] -- Detecting C compiler ABI info
[0.249s] -- Detecting C compiler ABI info - done
[0.259s] -- Check for working C compiler: /usr/bin/cc - skipped
[0.259s] -- Detecting C compile features
[0.259s] -- Detecting C compile features - done
[0.263s] -- Detecting CXX compiler ABI info
[0.362s] -- Detecting CXX compiler ABI info - done
[0.370s] -- Check for working CXX compiler: /usr/bin/c++ - skipped
[0.370s] -- Detecting CXX compile features
[0.371s] -- Detecting CXX compile features - done
[0.377s] -- Found ament_cmake: 1.3.12 (/opt/ros/humble/share/ament_cmake/cmake)
[0.548s] -- Found Python3: /usr/bin/python3 (found version "3.10.12") found components: Interpreter 
[0.757s] -- Configuring done
[0.769s] -- Generating done
[0.774s] -- Build files have been written to: /root/map2_navigation/build/map2_navigation
[0.778s] Invoked command in '/root/map2_navigation/build/map2_navigation' returned '0': CMAKE_PREFIX_PATH=${CMAKE_PREFIX_PATH}:/root/IsaacSim-ros_workspaces/humble_ws/install/isaac_ros_navigation_goal:/opt/ros/humble /usr/bin/cmake /root/map2_navigation -DCMAKE_INSTALL_PREFIX=/root/map2_navigation/install/map2_navigation
[0.781s] Invoking command in '/root/map2_navigation/build/map2_navigation': CMAKE_PREFIX_PATH=${CMAKE_PREFIX_PATH}:/root/IsaacSim-ros_workspaces/humble_ws/install/isaac_ros_navigation_goal:/opt/ros/humble /usr/bin/cmake --build /root/map2_navigation/build/map2_navigation -- -j128 -l128
[0.824s] Invoked command in '/root/map2_navigation/build/map2_navigation' returned '0': CMAKE_PREFIX_PATH=${CMAKE_PREFIX_PATH}:/root/IsaacSim-ros_workspaces/humble_ws/install/isaac_ros_navigation_goal:/opt/ros/humble /usr/bin/cmake --build /root/map2_navigation/build/map2_navigation -- -j128 -l128
[0.835s] Invoking command in '/root/map2_navigation/build/map2_navigation': CMAKE_PREFIX_PATH=${CMAKE_PREFIX_PATH}:/root/IsaacSim-ros_workspaces/humble_ws/install/isaac_ros_navigation_goal:/opt/ros/humble /usr/bin/cmake --install /root/map2_navigation/build/map2_navigation
[0.843s] -- Install configuration: ""
[0.844s] -- Installing: /root/map2_navigation/install/map2_navigation/lib/map2_navigation/twist_to_ackermann.py
[0.844s] -- Installing: /root/map2_navigation/install/map2_navigation/share/map2_navigation/launch
[0.845s] -- Installing: /root/map2_navigation/install/map2_navigation/share/map2_navigation/launch/map2_navigation.launch.py
[0.845s] -- Installing: /root/map2_navigation/install/map2_navigation/share/map2_navigation/launch/__pycache__
[0.846s] -- Installing: /root/map2_navigation/install/map2_navigation/share/map2_navigation/launch/__pycache__/map2_navigation.launch.cpython-310.pyc
[0.846s] -- Installing: /root/map2_navigation/install/map2_navigation/share/map2_navigation/params
[0.846s] -- Installing: /root/map2_navigation/install/map2_navigation/share/map2_navigation/params/nav2_params.yaml
[0.847s] -- Installing: /root/map2_navigation/install/map2_navigation/share/map2_navigation/maps
[0.847s] -- Installing: /root/map2_navigation/install/map2_navigation/share/map2_navigation/maps/map_2.yaml
[0.848s] -- Installing: /root/map2_navigation/install/map2_navigation/share/map2_navigation/maps/map_2.png
[0.849s] -- Installing: /root/map2_navigation/install/map2_navigation/share/ament_index/resource_index/package_run_dependencies/map2_navigation
[0.850s] -- Installing: /root/map2_navigation/install/map2_navigation/share/ament_index/resource_index/parent_prefix_path/map2_navigation
[0.850s] -- Installing: /root/map2_navigation/install/map2_navigation/share/map2_navigation/environment/ament_prefix_path.sh
[0.851s] -- Installing: /root/map2_navigation/install/map2_navigation/share/map2_navigation/environment/ament_prefix_path.dsv
[0.851s] -- Installing: /root/map2_navigation/install/map2_navigation/share/map2_navigation/environment/path.sh
[0.852s] -- Installing: /root/map2_navigation/install/map2_navigation/share/map2_navigation/environment/path.dsv
[0.852s] -- Installing: /root/map2_navigation/install/map2_navigation/share/map2_navigation/local_setup.bash
[0.853s] -- Installing: /root/map2_navigation/install/map2_navigation/share/map2_navigation/local_setup.sh
[0.853s] -- Installing: /root/map2_navigation/install/map2_navigation/share/map2_navigation/local_setup.zsh
[0.854s] -- Installing: /root/map2_navigation/install/map2_navigation/share/map2_navigation/local_setup.dsv
[0.854s] -- Installing: /root/map2_navigation/install/map2_navigation/share/map2_navigation/package.dsv
[0.855s] -- Installing: /root/map2_navigation/install/map2_navigation/share/ament_index/resource_index/packages/map2_navigation
[0.856s] -- Installing: /root/map2_navigation/install/map2_navigation/share/map2_navigation/cmake/map2_navigationConfig.cmake
[0.856s] -- Installing: /root/map2_navigation/install/map2_navigation/share/map2_navigation/cmake/map2_navigationConfig-version.cmake
[0.857s] -- Installing: /root/map2_navigation/install/map2_navigation/share/map2_navigation/package.xml
[0.859s] Invoked command in '/root/map2_navigation/build/map2_navigation' returned '0': CMAKE_PREFIX_PATH=${CMAKE_PREFIX_PATH}:/root/IsaacSim-ros_workspaces/humble_ws/install/isaac_ros_navigation_goal:/opt/ros/humble /usr/bin/cmake --install /root/map2_navigation/build/map2_navigation
