[0.015s] Invoking command in '/root/enav/build/map2_navigation': CMAKE_PREFIX_PATH=${CMAKE_PREFIX_PATH}:/root/IsaacSim-ros_workspaces/humble_ws/install/isaac_ros_navigation_goal:/opt/ros/humble /usr/bin/cmake /root/enav/src/map2_navigation -DCMAKE_INSTALL_PREFIX=/root/enav/install/map2_navigation
[0.084s] -- The C compiler identification is GNU 11.4.0
[0.153s] -- The CXX compiler identification is GNU 11.4.0
[0.162s] -- Detecting C compiler ABI info
[0.391s] -- Detecting C compiler ABI info - done
[0.398s] -- Check for working C compiler: /usr/bin/cc - skipped
[0.398s] -- Detecting C compile features
[0.399s] -- Detecting C compile features - done
[0.403s] -- Detecting CXX compiler ABI info
[0.553s] -- Detecting CXX compiler ABI info - done
[0.560s] -- Check for working CXX compiler: /usr/bin/c++ - skipped
[0.560s] -- Detecting CXX compile features
[0.561s] -- Detecting CXX compile features - done
[0.567s] -- Found ament_cmake: 1.3.12 (/opt/ros/humble/share/ament_cmake/cmake)
[0.739s] -- Found Python3: /usr/bin/python3 (found version "3.10.12") found components: Interpreter 
[0.937s] -- Configuring done
[0.949s] -- Generating done
[0.953s] -- Build files have been written to: /root/enav/build/map2_navigation
[0.958s] Invoked command in '/root/enav/build/map2_navigation' returned '0': CMAKE_PREFIX_PATH=${CMAKE_PREFIX_PATH}:/root/IsaacSim-ros_workspaces/humble_ws/install/isaac_ros_navigation_goal:/opt/ros/humble /usr/bin/cmake /root/enav/src/map2_navigation -DCMAKE_INSTALL_PREFIX=/root/enav/install/map2_navigation
[0.961s] Invoking command in '/root/enav/build/map2_navigation': CMAKE_PREFIX_PATH=${CMAKE_PREFIX_PATH}:/root/IsaacSim-ros_workspaces/humble_ws/install/isaac_ros_navigation_goal:/opt/ros/humble /usr/bin/cmake --build /root/enav/build/map2_navigation -- -j128 -l128
[1.008s] Invoked command in '/root/enav/build/map2_navigation' returned '0': CMAKE_PREFIX_PATH=${CMAKE_PREFIX_PATH}:/root/IsaacSim-ros_workspaces/humble_ws/install/isaac_ros_navigation_goal:/opt/ros/humble /usr/bin/cmake --build /root/enav/build/map2_navigation -- -j128 -l128
[1.021s] Invoking command in '/root/enav/build/map2_navigation': CMAKE_PREFIX_PATH=${CMAKE_PREFIX_PATH}:/root/IsaacSim-ros_workspaces/humble_ws/install/isaac_ros_navigation_goal:/opt/ros/humble /usr/bin/cmake --install /root/enav/build/map2_navigation
[1.029s] -- Install configuration: ""
[1.029s] -- Installing: /root/enav/install/map2_navigation/lib/map2_navigation/twist_to_ackermann.py
[1.030s] -- Installing: /root/enav/install/map2_navigation/share/map2_navigation/launch
[1.030s] -- Installing: /root/enav/install/map2_navigation/share/map2_navigation/launch/map2_navigation.launch.py
[1.031s] -- Installing: /root/enav/install/map2_navigation/share/map2_navigation/launch/__pycache__
[1.031s] -- Installing: /root/enav/install/map2_navigation/share/map2_navigation/launch/__pycache__/map2_navigation.launch.cpython-310.pyc
[1.032s] -- Installing: /root/enav/install/map2_navigation/share/map2_navigation/params
[1.032s] -- Installing: /root/enav/install/map2_navigation/share/map2_navigation/params/nav2_params.yaml
[1.033s] -- Installing: /root/enav/install/map2_navigation/share/map2_navigation/maps
[1.033s] -- Installing: /root/enav/install/map2_navigation/share/map2_navigation/maps/map_2.yaml
[1.033s] -- Installing: /root/enav/install/map2_navigation/share/map2_navigation/maps/map_2.png
[1.034s] -- Installing: /root/enav/install/map2_navigation/share/ament_index/resource_index/package_run_dependencies/map2_navigation
[1.035s] -- Installing: /root/enav/install/map2_navigation/share/ament_index/resource_index/parent_prefix_path/map2_navigation
[1.035s] -- Installing: /root/enav/install/map2_navigation/share/map2_navigation/environment/ament_prefix_path.sh
[1.036s] -- Installing: /root/enav/install/map2_navigation/share/map2_navigation/environment/ament_prefix_path.dsv
[1.036s] -- Installing: /root/enav/install/map2_navigation/share/map2_navigation/environment/path.sh
[1.037s] -- Installing: /root/enav/install/map2_navigation/share/map2_navigation/environment/path.dsv
[1.037s] -- Installing: /root/enav/install/map2_navigation/share/map2_navigation/local_setup.bash
[1.037s] -- Installing: /root/enav/install/map2_navigation/share/map2_navigation/local_setup.sh
[1.038s] -- Installing: /root/enav/install/map2_navigation/share/map2_navigation/local_setup.zsh
[1.038s] -- Installing: /root/enav/install/map2_navigation/share/map2_navigation/local_setup.dsv
[1.039s] -- Installing: /root/enav/install/map2_navigation/share/map2_navigation/package.dsv
[1.039s] -- Installing: /root/enav/install/map2_navigation/share/ament_index/resource_index/packages/map2_navigation
[1.040s] -- Installing: /root/enav/install/map2_navigation/share/map2_navigation/cmake/map2_navigationConfig.cmake
[1.041s] -- Installing: /root/enav/install/map2_navigation/share/map2_navigation/cmake/map2_navigationConfig-version.cmake
[1.041s] -- Installing: /root/enav/install/map2_navigation/share/map2_navigation/package.xml
[1.043s] Invoked command in '/root/enav/build/map2_navigation' returned '0': CMAKE_PREFIX_PATH=${CMAKE_PREFIX_PATH}:/root/IsaacSim-ros_workspaces/humble_ws/install/isaac_ros_navigation_goal:/opt/ros/humble /usr/bin/cmake --install /root/enav/build/map2_navigation
